#
# There is insufficient memory for the Java Runtime Environment to continue.
# Native memory allocation (mmap) failed to map 381681664 bytes for G1 virtual space
# Possible reasons:
#   The system is out of physical RAM or swap space
#   The process is running with CompressedOops enabled, and the Java Heap may be blocking the growth of the native heap
# Possible solutions:
#   Reduce memory load on the system
#   Increase physical memory or swap space
#   Check if swap backing store is full
#   Decrease Java heap size (-Xmx/-Xms)
#   Decrease number of Java threads
#   Decrease Java thread stack sizes (-Xss)
#   Set larger code cache with -XX:ReservedCodeCacheSize=
#   JVM is running with Zero Based Compressed Oops mode in which the Java heap is
#     placed in the first 32GB address space. The Java Heap base address is the
#     maximum limit for the native heap growth. Please use -XX:HeapBaseMinAddress
#     to set the Java Heap base and to place the Java Heap above 32GB virtual address.
# This output file may be truncated or incomplete.
#
#  Out of Memory Error (os_windows.cpp:3600), pid=9060, tid=15836
#
# JRE version: OpenJDK Runtime Environment (21.0.1+12) (build 21.0.1+12-29)
# Java VM: OpenJDK 64-Bit Server VM (21.0.1+12-29, mixed mode, emulated-client, sharing, tiered, compressed oops, compressed class ptrs, g1 gc, windows-amd64)
# No core dump will be written. Minidumps are not enabled by default on client versions of Windows
#

---------------  S U M M A R Y ------------

Command Line: -XX:TieredStopAtLevel=1 -Dfile.encoding=windows-1252 -Duser.country=CO -Duser.language=es -Duser.variant com.avanzada.alojamientos.AlojamientosApplication

Host: Intel(R) Core(TM) i5-10300H CPU @ 2.50GHz, 8 cores, 15G,  Windows 10 , 64 bit Build 19041 (10.0.19041.5915)
Time: Sat Sep 27 00:47:01 2025 Hora est. Pacífico, Sudamérica elapsed time: 10.112206 seconds (0d 0h 0m 10s)

---------------  T H R E A D  ---------------

Current thread (0x000001acc94f2500):  VMThread "VM Thread"          [id=15836, stack(0x0000004a6ed00000,0x0000004a6ee00000) (1024K)]

Stack: [0x0000004a6ed00000,0x0000004a6ee00000]
Native frames: (J=compiled Java code, j=interpreted, Vv=VM code, C=native code)
V  [jvm.dll+0x6c9029]
V  [jvm.dll+0x854b81]
V  [jvm.dll+0x856e5e]
V  [jvm.dll+0x857543]
V  [jvm.dll+0x280c06]
V  [jvm.dll+0x6c5715]
V  [jvm.dll+0x6ba10a]
V  [jvm.dll+0x3557ea]
V  [jvm.dll+0x35d436]
V  [jvm.dll+0x3ae1be]
V  [jvm.dll+0x3ae468]
V  [jvm.dll+0x3291fc]
V  [jvm.dll+0x329287]
V  [jvm.dll+0x36db3c]
V  [jvm.dll+0x36c33d]
V  [jvm.dll+0x328971]
V  [jvm.dll+0x36ba4a]
V  [jvm.dll+0x85d048]
V  [jvm.dll+0x85e144]
V  [jvm.dll+0x85e680]
V  [jvm.dll+0x85e923]
V  [jvm.dll+0x7fd728]
V  [jvm.dll+0x6c777d]
C  [ucrtbase.dll+0x21bb2]
C  [KERNEL32.DLL+0x17374]
C  [ntdll.dll+0x4cc91]

VM_Operation (0x0000004a6e6f64d0): G1CollectForAllocation, mode: safepoint, requested by thread 0x000001acb486fbe0


---------------  P R O C E S S  ---------------

Threads class SMR info:
_java_thread_list=0x000001ad110522e0, length=16, elements={
0x000001acb486fbe0, 0x000001acc9511940, 0x000001acc9512a10, 0x000001acc9515af0,
0x000001acc951a6e0, 0x000001acc951b4a0, 0x000001acc951bf00, 0x000001acc95265d0,
0x000001acc9bd9da0, 0x000001acc9be2160, 0x000001ad10560320, 0x000001ad10560990,
0x000001ad10561000, 0x000001ad10546b60, 0x000001ad10f44030, 0x000001acc9bb6420
}

Java Threads: ( => current thread )
  0x000001acb486fbe0 JavaThread "main"                              [_thread_blocked, id=8144, stack(0x0000004a6e600000,0x0000004a6e700000) (1024K)]
  0x000001acc9511940 JavaThread "Reference Handler"          daemon [_thread_blocked, id=4512, stack(0x0000004a6ee00000,0x0000004a6ef00000) (1024K)]
  0x000001acc9512a10 JavaThread "Finalizer"                  daemon [_thread_blocked, id=10808, stack(0x0000004a6ef00000,0x0000004a6f000000) (1024K)]
  0x000001acc9515af0 JavaThread "Signal Dispatcher"          daemon [_thread_blocked, id=12104, stack(0x0000004a6f000000,0x0000004a6f100000) (1024K)]
  0x000001acc951a6e0 JavaThread "Attach Listener"            daemon [_thread_blocked, id=16316, stack(0x0000004a6f100000,0x0000004a6f200000) (1024K)]
  0x000001acc951b4a0 JavaThread "Service Thread"             daemon [_thread_blocked, id=11416, stack(0x0000004a6f200000,0x0000004a6f300000) (1024K)]
  0x000001acc951bf00 JavaThread "Monitor Deflation Thread"   daemon [_thread_blocked, id=10748, stack(0x0000004a6f300000,0x0000004a6f400000) (1024K)]
  0x000001acc95265d0 JavaThread "C1 CompilerThread0"         daemon [_thread_blocked, id=15988, stack(0x0000004a6f400000,0x0000004a6f500000) (1024K)]
  0x000001acc9bd9da0 JavaThread "Notification Thread"        daemon [_thread_blocked, id=12860, stack(0x0000004a6f700000,0x0000004a6f800000) (1024K)]
  0x000001acc9be2160 JavaThread "Common-Cleaner"             daemon [_thread_blocked, id=6076, stack(0x0000004a6f800000,0x0000004a6f900000) (1024K)]
  0x000001ad10560320 JavaThread "Catalina-utility-1"                [_thread_blocked, id=1572, stack(0x0000004a70200000,0x0000004a70300000) (1024K)]
  0x000001ad10560990 JavaThread "Catalina-utility-2"                [_thread_blocked, id=1668, stack(0x0000004a70300000,0x0000004a70400000) (1024K)]
  0x000001ad10561000 JavaThread "container-0"                       [_thread_blocked, id=11316, stack(0x0000004a70400000,0x0000004a70500000) (1024K)]
  0x000001ad10546b60 JavaThread "mysql-cj-abandoned-connection-cleanup" daemon [_thread_blocked, id=5232, stack(0x0000004a70500000,0x0000004a70600000) (1024K)]
  0x000001ad10f44030 JavaThread "HikariPool-1:housekeeper"   daemon [_thread_blocked, id=8812, stack(0x0000004a70700000,0x0000004a70800000) (1024K)]
  0x000001acc9bb6420 JavaThread "C1 CompilerThread1"         daemon [_thread_blocked, id=8072, stack(0x0000004a6f500000,0x0000004a6f600000) (1024K)]
Total: 16

Other Threads:
=>0x000001acc94f2500 VMThread "VM Thread"                           [id=15836, stack(0x0000004a6ed00000,0x0000004a6ee00000) (1024K)]
  0x000001acc94d9860 WatcherThread "VM Periodic Task Thread"        [id=12376, stack(0x0000004a6ec00000,0x0000004a6ed00000) (1024K)]
  0x000001acb6a34380 WorkerThread "GC Thread#0"                     [id=7680, stack(0x0000004a6e700000,0x0000004a6e800000) (1024K)]
  0x000001acc94f1dc0 WorkerThread "GC Thread#1"                     [id=4252, stack(0x0000004a6fa00000,0x0000004a6fb00000) (1024K)]
  0x000001acc94f2fe0 WorkerThread "GC Thread#2"                     [id=8708, stack(0x0000004a6fb00000,0x0000004a6fc00000) (1024K)]
  0x000001acc94f1680 WorkerThread "GC Thread#3"                     [id=16388, stack(0x0000004a6fc00000,0x0000004a6fd00000) (1024K)]
  0x000001acc94f1a20 WorkerThread "GC Thread#4"                     [id=13912, stack(0x0000004a6fd00000,0x0000004a6fe00000) (1024K)]
  0x000001acc94f2160 WorkerThread "GC Thread#5"                     [id=17328, stack(0x0000004a6fe00000,0x0000004a6ff00000) (1024K)]
  0x000001ad0f8012f0 WorkerThread "GC Thread#6"                     [id=17208, stack(0x0000004a70000000,0x0000004a70100000) (1024K)]
  0x000001ad0f8000d0 WorkerThread "GC Thread#7"                     [id=17096, stack(0x0000004a70100000,0x0000004a70200000) (1024K)]
  0x000001acb6a45e70 ConcurrentGCThread "G1 Main Marker"            [id=7636, stack(0x0000004a6e800000,0x0000004a6e900000) (1024K)]
  0x000001acb6a47110 WorkerThread "G1 Conc#0"                       [id=11556, stack(0x0000004a6e900000,0x0000004a6ea00000) (1024K)]
  0x000001ad0f802170 WorkerThread "G1 Conc#1"                       [id=15784, stack(0x0000004a6ff00000,0x0000004a70000000) (1024K)]
  0x000001acc93acf70 ConcurrentGCThread "G1 Refine#0"               [id=9064, stack(0x0000004a6ea00000,0x0000004a6eb00000) (1024K)]
  0x000001acc93ad9f0 ConcurrentGCThread "G1 Service"                [id=9600, stack(0x0000004a6eb00000,0x0000004a6ec00000) (1024K)]
Total: 15

Threads with active compile tasks:
Total: 0

VM state: at safepoint (normal execution)

VM Mutex/Monitor currently owned by a thread:  ([mutex/lock_event])
[0x00007ffb4c72a5f8] Threads_lock - owner thread: 0x000001acc94f2500
[0x00007ffb4c72a6f8] Heap_lock - owner thread: 0x000001acb486fbe0

Heap address: 0x0000000702a00000, size: 4054 MB, Compressed Oops mode: Zero based, Oop shift amount: 3

CDS archive(s) mapped at: [0x000001acca000000-0x000001accac90000-0x000001accac90000), size 13172736, SharedBaseAddress: 0x000001acca000000, ArchiveRelocationMode: 1.
Compressed class space mapped at: 0x000001accb000000-0x000001ad0b000000, reserved size: 1073741824
Narrow klass base: 0x000001acca000000, Narrow klass shift: 0, Narrow klass range: 0x100000000

GC Precious Log:
 CardTable entry size: 512
 Card Set container configuration: InlinePtr #cards 4 size 8 Array Of Cards #cards 16 size 48 Howl #buckets 8 coarsen threshold 3686 Howl Bitmap #cards 512 size 80 coarsen threshold 460 Card regions per heap region 1 cards per card region 4096
 CPUs: 8 total, 8 available
 Memory: 16215M
 Large Page Support: Disabled
 NUMA Support: Disabled
 Compressed Oops: Enabled (Zero based)
 Heap Region Size: 2M
 Heap Min Capacity: 8M
 Heap Initial Capacity: 254M
 Heap Max Capacity: 4054M
 Pre-touch: Disabled
 Parallel Workers: 8
 Concurrent Workers: 2
 Concurrent Refinement Workers: 8
 Periodic GC: Disabled

Heap:
 garbage-first heap   total 372736K, used 199887K [0x0000000702a00000, 0x0000000800000000)
  region size 2048K, 7 young (14336K), 7 survivors (14336K)
 Metaspace       used 64349K, committed 65024K, reserved 1114112K
  class space    used 9520K, committed 9856K, reserved 1048576K

Heap Regions: E=young(eden), S=young(survivor), O=old, HS=humongous(starts), HC=humongous(continues), CS=collection set, F=free, TAMS=top-at-mark-start, PB=parsable bottom
|   0|0x0000000702a00000, 0x0000000702c00000, 0x0000000702c00000|100%| O|  |TAMS 0x0000000702a00000| PB 0x0000000702a00000| Untracked 
|   1|0x0000000702c00000, 0x0000000702e00000, 0x0000000702e00000|100%| O|  |TAMS 0x0000000702c00000| PB 0x0000000702c00000| Untracked 
|   2|0x0000000702e00000, 0x0000000703000000, 0x0000000703000000|100%| O|  |TAMS 0x0000000702e00000| PB 0x0000000702e00000| Untracked 
|   3|0x0000000703000000, 0x0000000703200000, 0x0000000703200000|100%| O|  |TAMS 0x0000000703000000| PB 0x0000000703000000| Untracked 
|   4|0x0000000703200000, 0x0000000703400000, 0x0000000703400000|100%| O|  |TAMS 0x0000000703200000| PB 0x0000000703200000| Untracked 
|   5|0x0000000703400000, 0x0000000703600000, 0x0000000703600000|100%| O|  |TAMS 0x0000000703400000| PB 0x0000000703400000| Untracked 
|   6|0x0000000703600000, 0x0000000703800000, 0x0000000703800000|100%| O|  |TAMS 0x0000000703600000| PB 0x0000000703600000| Untracked 
|   7|0x0000000703800000, 0x0000000703a00000, 0x0000000703a00000|100%| O|  |TAMS 0x0000000703800000| PB 0x0000000703800000| Untracked 
|   8|0x0000000703a00000, 0x0000000703c00000, 0x0000000703c00000|100%| O|  |TAMS 0x0000000703a00000| PB 0x0000000703a00000| Untracked 
|   9|0x0000000703c00000, 0x0000000703e00000, 0x0000000703e00000|100%| O|  |TAMS 0x0000000703c00000| PB 0x0000000703c00000| Untracked 
|  10|0x0000000703e00000, 0x0000000704000000, 0x0000000704000000|100%| O|  |TAMS 0x0000000703e00000| PB 0x0000000703e00000| Untracked 
|  11|0x0000000704000000, 0x0000000704200000, 0x0000000704200000|100%| O|  |TAMS 0x0000000704000000| PB 0x0000000704000000| Untracked 
|  12|0x0000000704200000, 0x0000000704200000, 0x0000000704400000|  0%| F|  |TAMS 0x0000000704200000| PB 0x0000000704200000| Untracked 
|  13|0x0000000704400000, 0x0000000704600000, 0x0000000704600000|100%| O|  |TAMS 0x0000000704400000| PB 0x0000000704400000| Untracked 
|  14|0x0000000704600000, 0x0000000704800000, 0x0000000704800000|100%| O|  |TAMS 0x0000000704600000| PB 0x0000000704600000| Untracked 
|  15|0x0000000704800000, 0x0000000704a00000, 0x0000000704a00000|100%| O|  |TAMS 0x0000000704800000| PB 0x0000000704800000| Untracked 
|  16|0x0000000704a00000, 0x0000000704c00000, 0x0000000704c00000|100%| O|  |TAMS 0x0000000704a00000| PB 0x0000000704a00000| Untracked 
|  17|0x0000000704c00000, 0x0000000704e00000, 0x0000000704e00000|100%| O|  |TAMS 0x0000000704c00000| PB 0x0000000704c00000| Untracked 
|  18|0x0000000704e00000, 0x0000000705000000, 0x0000000705000000|100%| O|  |TAMS 0x0000000704e00000| PB 0x0000000704e00000| Untracked 
|  19|0x0000000705000000, 0x0000000705200000, 0x0000000705200000|100%| O|  |TAMS 0x0000000705000000| PB 0x0000000705000000| Untracked 
|  20|0x0000000705200000, 0x0000000705400000, 0x0000000705400000|100%| O|  |TAMS 0x0000000705200000| PB 0x0000000705200000| Untracked 
|  21|0x0000000705400000, 0x0000000705600000, 0x0000000705600000|100%| O|  |TAMS 0x0000000705400000| PB 0x0000000705400000| Untracked 
|  22|0x0000000705600000, 0x0000000705800000, 0x0000000705800000|100%| O|  |TAMS 0x0000000705600000| PB 0x0000000705600000| Untracked 
|  23|0x0000000705800000, 0x0000000705800000, 0x0000000705a00000|  0%| F|  |TAMS 0x0000000705800000| PB 0x0000000705800000| Untracked 
|  24|0x0000000705a00000, 0x0000000705c00000, 0x0000000705c00000|100%| O|  |TAMS 0x0000000705a00000| PB 0x0000000705a00000| Untracked 
|  25|0x0000000705c00000, 0x0000000705e00000, 0x0000000705e00000|100%| O|  |TAMS 0x0000000705c00000| PB 0x0000000705c00000| Untracked 
|  26|0x0000000705e00000, 0x0000000706000000, 0x0000000706000000|100%| O|  |TAMS 0x0000000705e00000| PB 0x0000000705e00000| Untracked 
|  27|0x0000000706000000, 0x0000000706200000, 0x0000000706200000|100%| O|  |TAMS 0x0000000706000000| PB 0x0000000706000000| Untracked 
|  28|0x0000000706200000, 0x0000000706400000, 0x0000000706400000|100%| O|  |TAMS 0x0000000706200000| PB 0x0000000706200000| Untracked 
|  29|0x0000000706400000, 0x0000000706600000, 0x0000000706600000|100%| O|  |TAMS 0x0000000706400000| PB 0x0000000706400000| Untracked 
|  30|0x0000000706600000, 0x0000000706800000, 0x0000000706800000|100%| O|  |TAMS 0x0000000706600000| PB 0x0000000706600000| Untracked 
|  31|0x0000000706800000, 0x0000000706a00000, 0x0000000706a00000|100%| O|  |TAMS 0x0000000706800000| PB 0x0000000706800000| Untracked 
|  32|0x0000000706a00000, 0x0000000706c00000, 0x0000000706c00000|100%| O|  |TAMS 0x0000000706a00000| PB 0x0000000706a00000| Untracked 
|  33|0x0000000706c00000, 0x0000000706e00000, 0x0000000706e00000|100%| O|  |TAMS 0x0000000706c00000| PB 0x0000000706c00000| Untracked 
|  34|0x0000000706e00000, 0x0000000707000000, 0x0000000707000000|100%| O|  |TAMS 0x0000000706e00000| PB 0x0000000706e00000| Untracked 
|  35|0x0000000707000000, 0x0000000707000000, 0x0000000707200000|  0%| F|  |TAMS 0x0000000707000000| PB 0x0000000707000000| Untracked 
|  36|0x0000000707200000, 0x0000000707200000, 0x0000000707400000|  0%| F|  |TAMS 0x0000000707200000| PB 0x0000000707200000| Untracked 
|  37|0x0000000707400000, 0x0000000707400000, 0x0000000707600000|  0%| F|  |TAMS 0x0000000707400000| PB 0x0000000707400000| Untracked 
|  38|0x0000000707600000, 0x0000000707800000, 0x0000000707800000|100%| O|  |TAMS 0x0000000707600000| PB 0x0000000707600000| Untracked 
|  39|0x0000000707800000, 0x0000000707800000, 0x0000000707a00000|  0%| F|  |TAMS 0x0000000707800000| PB 0x0000000707800000| Untracked 
|  40|0x0000000707a00000, 0x0000000707a00000, 0x0000000707c00000|  0%| F|  |TAMS 0x0000000707a00000| PB 0x0000000707a00000| Untracked 
|  41|0x0000000707c00000, 0x0000000707c00000, 0x0000000707e00000|  0%| F|  |TAMS 0x0000000707c00000| PB 0x0000000707c00000| Untracked 
|  42|0x0000000707e00000, 0x0000000708000000, 0x0000000708000000|100%| O|  |TAMS 0x0000000707e00000| PB 0x0000000707e00000| Untracked 
|  43|0x0000000708000000, 0x0000000708200000, 0x0000000708200000|100%| O|  |TAMS 0x0000000708000000| PB 0x0000000708000000| Untracked 
|  44|0x0000000708200000, 0x0000000708200000, 0x0000000708400000|  0%| F|  |TAMS 0x0000000708200000| PB 0x0000000708200000| Untracked 
|  45|0x0000000708400000, 0x0000000708600000, 0x0000000708600000|100%| O|  |TAMS 0x0000000708400000| PB 0x0000000708400000| Untracked 
|  46|0x0000000708600000, 0x0000000708800000, 0x0000000708800000|100%| O|  |TAMS 0x0000000708600000| PB 0x0000000708600000| Untracked 
|  47|0x0000000708800000, 0x0000000708a00000, 0x0000000708a00000|100%| O|  |TAMS 0x0000000708800000| PB 0x0000000708800000| Untracked 
|  48|0x0000000708a00000, 0x0000000708c00000, 0x0000000708c00000|100%| O|  |TAMS 0x0000000708a00000| PB 0x0000000708a00000| Untracked 
|  49|0x0000000708c00000, 0x0000000708c00000, 0x0000000708e00000|  0%| F|  |TAMS 0x0000000708c00000| PB 0x0000000708c00000| Untracked 
|  50|0x0000000708e00000, 0x0000000708e00000, 0x0000000709000000|  0%| F|  |TAMS 0x0000000708e00000| PB 0x0000000708e00000| Untracked 
|  51|0x0000000709000000, 0x0000000709200000, 0x0000000709200000|100%| O|  |TAMS 0x0000000709000000| PB 0x0000000709000000| Untracked 
|  52|0x0000000709200000, 0x0000000709400000, 0x0000000709400000|100%| O|  |TAMS 0x0000000709200000| PB 0x0000000709200000| Untracked 
|  53|0x0000000709400000, 0x0000000709400000, 0x0000000709600000|  0%| F|  |TAMS 0x0000000709400000| PB 0x0000000709400000| Untracked 
|  54|0x0000000709600000, 0x0000000709800000, 0x0000000709800000|100%| O|  |TAMS 0x0000000709600000| PB 0x0000000709600000| Untracked 
|  55|0x0000000709800000, 0x0000000709a00000, 0x0000000709a00000|100%| O|  |TAMS 0x0000000709800000| PB 0x0000000709800000| Untracked 
|  56|0x0000000709a00000, 0x0000000709c00000, 0x0000000709c00000|100%| O|  |TAMS 0x0000000709a00000| PB 0x0000000709a00000| Untracked 
|  57|0x0000000709c00000, 0x0000000709c00000, 0x0000000709e00000|  0%| F|  |TAMS 0x0000000709c00000| PB 0x0000000709c00000| Untracked 
|  58|0x0000000709e00000, 0x000000070a000000, 0x000000070a000000|100%| O|  |TAMS 0x0000000709e00000| PB 0x0000000709e00000| Untracked 
|  59|0x000000070a000000, 0x000000070a200000, 0x000000070a200000|100%| O|  |TAMS 0x000000070a000000| PB 0x000000070a000000| Untracked 
|  60|0x000000070a200000, 0x000000070a333ef0, 0x000000070a400000| 60%| O|  |TAMS 0x000000070a200000| PB 0x000000070a200000| Untracked 
|  61|0x000000070a400000, 0x000000070a400000, 0x000000070a600000|  0%| F|  |TAMS 0x000000070a400000| PB 0x000000070a400000| Untracked 
|  62|0x000000070a600000, 0x000000070a600000, 0x000000070a800000|  0%| F|  |TAMS 0x000000070a600000| PB 0x000000070a600000| Untracked 
|  63|0x000000070a800000, 0x000000070aa00000, 0x000000070aa00000|100%| O|  |TAMS 0x000000070a800000| PB 0x000000070a800000| Untracked 
|  64|0x000000070aa00000, 0x000000070ac00000, 0x000000070ac00000|100%| O|  |TAMS 0x000000070aa00000| PB 0x000000070aa00000| Untracked 
|  65|0x000000070ac00000, 0x000000070ae00000, 0x000000070ae00000|100%| O|  |TAMS 0x000000070ac00000| PB 0x000000070ac00000| Untracked 
|  66|0x000000070ae00000, 0x000000070ae00000, 0x000000070b000000|  0%| F|  |TAMS 0x000000070ae00000| PB 0x000000070ae00000| Untracked 
|  67|0x000000070b000000, 0x000000070b000000, 0x000000070b200000|  0%| F|  |TAMS 0x000000070b000000| PB 0x000000070b000000| Untracked 
|  68|0x000000070b200000, 0x000000070b200000, 0x000000070b400000|  0%| F|  |TAMS 0x000000070b200000| PB 0x000000070b200000| Untracked 
|  69|0x000000070b400000, 0x000000070b400000, 0x000000070b600000|  0%| F|  |TAMS 0x000000070b400000| PB 0x000000070b400000| Untracked 
|  70|0x000000070b600000, 0x000000070b600000, 0x000000070b800000|  0%| F|  |TAMS 0x000000070b600000| PB 0x000000070b600000| Untracked 
|  71|0x000000070b800000, 0x000000070b800000, 0x000000070ba00000|  0%| F|  |TAMS 0x000000070b800000| PB 0x000000070b800000| Untracked 
|  72|0x000000070ba00000, 0x000000070bc00000, 0x000000070bc00000|100%| O|  |TAMS 0x000000070ba00000| PB 0x000000070ba00000| Untracked 
|  73|0x000000070bc00000, 0x000000070be00000, 0x000000070be00000|100%| O|  |TAMS 0x000000070bc00000| PB 0x000000070bc00000| Untracked 
|  74|0x000000070be00000, 0x000000070c000000, 0x000000070c000000|100%| O|  |TAMS 0x000000070be00000| PB 0x000000070be00000| Untracked 
|  75|0x000000070c000000, 0x000000070c200000, 0x000000070c200000|100%| O|  |TAMS 0x000000070c000000| PB 0x000000070c000000| Untracked 
|  76|0x000000070c200000, 0x000000070c400000, 0x000000070c400000|100%| O|  |TAMS 0x000000070c200000| PB 0x000000070c200000| Untracked 
|  77|0x000000070c400000, 0x000000070c600000, 0x000000070c600000|100%| O|  |TAMS 0x000000070c400000| PB 0x000000070c400000| Untracked 
|  78|0x000000070c600000, 0x000000070c800000, 0x000000070c800000|100%| O|  |TAMS 0x000000070c600000| PB 0x000000070c600000| Untracked 
|  79|0x000000070c800000, 0x000000070ca00000, 0x000000070ca00000|100%| O|  |TAMS 0x000000070c800000| PB 0x000000070c800000| Untracked 
|  80|0x000000070ca00000, 0x000000070cc00000, 0x000000070cc00000|100%| O|  |TAMS 0x000000070ca00000| PB 0x000000070ca00000| Untracked 
|  81|0x000000070cc00000, 0x000000070ce00000, 0x000000070ce00000|100%| O|  |TAMS 0x000000070cc00000| PB 0x000000070cc00000| Untracked 
|  82|0x000000070ce00000, 0x000000070d000000, 0x000000070d000000|100%| O|  |TAMS 0x000000070ce00000| PB 0x000000070ce00000| Untracked 
|  83|0x000000070d000000, 0x000000070d200000, 0x000000070d200000|100%| O|  |TAMS 0x000000070d000000| PB 0x000000070d000000| Untracked 
|  84|0x000000070d200000, 0x000000070d400000, 0x000000070d400000|100%| O|  |TAMS 0x000000070d200000| PB 0x000000070d200000| Untracked 
|  85|0x000000070d400000, 0x000000070d600000, 0x000000070d600000|100%| O|  |TAMS 0x000000070d400000| PB 0x000000070d400000| Untracked 
|  86|0x000000070d600000, 0x000000070d800000, 0x000000070d800000|100%| O|  |TAMS 0x000000070d600000| PB 0x000000070d600000| Untracked 
|  87|0x000000070d800000, 0x000000070da00000, 0x000000070da00000|100%| O|  |TAMS 0x000000070d800000| PB 0x000000070d800000| Untracked 
|  88|0x000000070da00000, 0x000000070dc00000, 0x000000070dc00000|100%| O|  |TAMS 0x000000070da00000| PB 0x000000070da00000| Untracked 
|  89|0x000000070dc00000, 0x000000070de00000, 0x000000070de00000|100%| O|  |TAMS 0x000000070dc00000| PB 0x000000070dc00000| Untracked 
|  90|0x000000070de00000, 0x000000070e000000, 0x000000070e000000|100%| O|  |TAMS 0x000000070de00000| PB 0x000000070de00000| Untracked 
|  91|0x000000070e000000, 0x000000070e200000, 0x000000070e200000|100%| O|  |TAMS 0x000000070e000000| PB 0x000000070e000000| Untracked 
|  92|0x000000070e200000, 0x000000070e400000, 0x000000070e400000|100%| O|  |TAMS 0x000000070e200000| PB 0x000000070e200000| Untracked 
|  93|0x000000070e400000, 0x000000070e600000, 0x000000070e600000|100%| O|  |TAMS 0x000000070e400000| PB 0x000000070e400000| Untracked 
|  94|0x000000070e600000, 0x000000070e800000, 0x000000070e800000|100%|HS|  |TAMS 0x000000070e600000| PB 0x000000070e600000| Complete 
|  95|0x000000070e800000, 0x000000070ea00000, 0x000000070ea00000|100%| O|  |TAMS 0x000000070e800000| PB 0x000000070e800000| Untracked 
|  96|0x000000070ea00000, 0x000000070ec00000, 0x000000070ec00000|100%|HS|  |TAMS 0x000000070ea00000| PB 0x000000070ea00000| Complete 
|  97|0x000000070ec00000, 0x000000070ee00000, 0x000000070ee00000|100%|HC|  |TAMS 0x000000070ec00000| PB 0x000000070ec00000| Complete 
|  98|0x000000070ee00000, 0x000000070f000000, 0x000000070f000000|100%| O|  |TAMS 0x000000070ee00000| PB 0x000000070ee00000| Untracked 
|  99|0x000000070f000000, 0x000000070f200000, 0x000000070f200000|100%| O|  |TAMS 0x000000070f000000| PB 0x000000070f000000| Untracked 
| 100|0x000000070f200000, 0x000000070f400000, 0x000000070f400000|100%| O|  |TAMS 0x000000070f200000| PB 0x000000070f200000| Untracked 
| 101|0x000000070f400000, 0x000000070f600000, 0x000000070f600000|100%| O|  |TAMS 0x000000070f400000| PB 0x000000070f400000| Untracked 
| 102|0x000000070f600000, 0x000000070f800000, 0x000000070f800000|100%| O|  |TAMS 0x000000070f600000| PB 0x000000070f600000| Untracked 
| 103|0x000000070f800000, 0x000000070fa00000, 0x000000070fa00000|100%| O|  |TAMS 0x000000070f800000| PB 0x000000070f800000| Untracked 
| 104|0x000000070fa00000, 0x000000070fc00000, 0x000000070fc00000|100%| O|  |TAMS 0x000000070fa00000| PB 0x000000070fa00000| Untracked 
| 105|0x000000070fc00000, 0x000000070fe00000, 0x000000070fe00000|100%| O|  |TAMS 0x000000070fc00000| PB 0x000000070fc00000| Untracked 
| 106|0x000000070fe00000, 0x0000000710000000, 0x0000000710000000|100%| O|  |TAMS 0x000000070fe00000| PB 0x000000070fe00000| Untracked 
| 107|0x0000000710000000, 0x0000000710200000, 0x0000000710200000|100%| O|  |TAMS 0x0000000710000000| PB 0x0000000710000000| Untracked 
| 108|0x0000000710200000, 0x0000000710400000, 0x0000000710400000|100%| O|  |TAMS 0x0000000710200000| PB 0x0000000710200000| Untracked 
| 109|0x0000000710400000, 0x0000000710600000, 0x0000000710600000|100%| O|  |TAMS 0x0000000710400000| PB 0x0000000710400000| Untracked 
| 110|0x0000000710600000, 0x0000000710800000, 0x0000000710800000|100%| O|  |TAMS 0x0000000710600000| PB 0x0000000710600000| Untracked 
| 111|0x0000000710800000, 0x0000000710a00000, 0x0000000710a00000|100%| O|  |TAMS 0x0000000710800000| PB 0x0000000710800000| Untracked 
| 112|0x0000000710a00000, 0x0000000710a00000, 0x0000000710c00000|  0%| F|  |TAMS 0x0000000710a00000| PB 0x0000000710a00000| Untracked 
| 113|0x0000000710c00000, 0x0000000710c00000, 0x0000000710e00000|  0%| F|  |TAMS 0x0000000710c00000| PB 0x0000000710c00000| Untracked 
| 114|0x0000000710e00000, 0x0000000710e00000, 0x0000000711000000|  0%| F|  |TAMS 0x0000000710e00000| PB 0x0000000710e00000| Untracked 
| 115|0x0000000711000000, 0x0000000711000000, 0x0000000711200000|  0%| F|  |TAMS 0x0000000711000000| PB 0x0000000711000000| Untracked 
| 116|0x0000000711200000, 0x0000000711200000, 0x0000000711400000|  0%| F|  |TAMS 0x0000000711200000| PB 0x0000000711200000| Untracked 
| 117|0x0000000711400000, 0x0000000711400000, 0x0000000711600000|  0%| F|  |TAMS 0x0000000711400000| PB 0x0000000711400000| Untracked 
| 118|0x0000000711600000, 0x0000000711600000, 0x0000000711800000|  0%| F|  |TAMS 0x0000000711600000| PB 0x0000000711600000| Untracked 
| 119|0x0000000711800000, 0x0000000711800000, 0x0000000711a00000|  0%| F|  |TAMS 0x0000000711800000| PB 0x0000000711800000| Untracked 
| 120|0x0000000711a00000, 0x0000000711a00000, 0x0000000711c00000|  0%| F|  |TAMS 0x0000000711a00000| PB 0x0000000711a00000| Untracked 
| 121|0x0000000711c00000, 0x0000000711c00000, 0x0000000711e00000|  0%| F|  |TAMS 0x0000000711c00000| PB 0x0000000711c00000| Untracked 
| 122|0x0000000711e00000, 0x0000000711e00000, 0x0000000712000000|  0%| F|  |TAMS 0x0000000711e00000| PB 0x0000000711e00000| Untracked 
| 123|0x0000000712000000, 0x0000000712000000, 0x0000000712200000|  0%| F|  |TAMS 0x0000000712000000| PB 0x0000000712000000| Untracked 
| 124|0x0000000712200000, 0x0000000712200000, 0x0000000712400000|  0%| F|  |TAMS 0x0000000712200000| PB 0x0000000712200000| Untracked 
| 125|0x0000000712400000, 0x0000000712400000, 0x0000000712600000|  0%| F|  |TAMS 0x0000000712400000| PB 0x0000000712400000| Untracked 
| 126|0x0000000712600000, 0x0000000712800000, 0x0000000712800000|100%| S|CS|TAMS 0x0000000712600000| PB 0x0000000712600000| Complete 
| 127|0x0000000712800000, 0x0000000712a00000, 0x0000000712a00000|100%| S|CS|TAMS 0x0000000712800000| PB 0x0000000712800000| Complete 
| 128|0x0000000712a00000, 0x0000000712c00000, 0x0000000712c00000|100%| S|CS|TAMS 0x0000000712a00000| PB 0x0000000712a00000| Complete 
| 129|0x0000000712c00000, 0x0000000712e00000, 0x0000000712e00000|100%| S|CS|TAMS 0x0000000712c00000| PB 0x0000000712c00000| Complete 
| 130|0x0000000712e00000, 0x0000000712e00000, 0x0000000713000000|  0%| F|  |TAMS 0x0000000712e00000| PB 0x0000000712e00000| Untracked 
| 131|0x0000000713000000, 0x0000000713000000, 0x0000000713200000|  0%| F|  |TAMS 0x0000000713000000| PB 0x0000000713000000| Untracked 
| 132|0x0000000713200000, 0x0000000713400000, 0x0000000713400000|100%| S|CS|TAMS 0x0000000713200000| PB 0x0000000713200000| Complete 
| 133|0x0000000713400000, 0x0000000713600000, 0x0000000713600000|100%| S|CS|TAMS 0x0000000713400000| PB 0x0000000713400000| Complete 
| 134|0x0000000713600000, 0x0000000713800000, 0x0000000713800000|100%| S|CS|TAMS 0x0000000713600000| PB 0x0000000713600000| Complete 
| 135|0x0000000713800000, 0x0000000713800000, 0x0000000713a00000|  0%| F|  |TAMS 0x0000000713800000| PB 0x0000000713800000| Untracked 
| 136|0x0000000713a00000, 0x0000000713a00000, 0x0000000713c00000|  0%| F|  |TAMS 0x0000000713a00000| PB 0x0000000713a00000| Untracked 
| 137|0x0000000713c00000, 0x0000000713c00000, 0x0000000713e00000|  0%| F|  |TAMS 0x0000000713c00000| PB 0x0000000713c00000| Untracked 
| 138|0x0000000713e00000, 0x0000000713e00000, 0x0000000714000000|  0%| F|  |TAMS 0x0000000713e00000| PB 0x0000000713e00000| Untracked 
| 139|0x0000000714000000, 0x0000000714000000, 0x0000000714200000|  0%| F|  |TAMS 0x0000000714000000| PB 0x0000000714000000| Untracked 
| 140|0x0000000714200000, 0x0000000714200000, 0x0000000714400000|  0%| F|  |TAMS 0x0000000714200000| PB 0x0000000714200000| Untracked 
| 141|0x0000000714400000, 0x0000000714400000, 0x0000000714600000|  0%| F|  |TAMS 0x0000000714400000| PB 0x0000000714400000| Untracked 
| 142|0x0000000714600000, 0x0000000714600000, 0x0000000714800000|  0%| F|  |TAMS 0x0000000714600000| PB 0x0000000714600000| Untracked 
| 143|0x0000000714800000, 0x0000000714800000, 0x0000000714a00000|  0%| F|  |TAMS 0x0000000714800000| PB 0x0000000714800000| Untracked 
| 144|0x0000000714a00000, 0x0000000714a00000, 0x0000000714c00000|  0%| F|  |TAMS 0x0000000714a00000| PB 0x0000000714a00000| Untracked 
| 145|0x0000000714c00000, 0x0000000714c00000, 0x0000000714e00000|  0%| F|  |TAMS 0x0000000714c00000| PB 0x0000000714c00000| Untracked 
| 146|0x0000000714e00000, 0x0000000714e00000, 0x0000000715000000|  0%| F|  |TAMS 0x0000000714e00000| PB 0x0000000714e00000| Untracked 
| 147|0x0000000715000000, 0x0000000715000000, 0x0000000715200000|  0%| F|  |TAMS 0x0000000715000000| PB 0x0000000715000000| Untracked 
| 148|0x0000000715200000, 0x0000000715200000, 0x0000000715400000|  0%| F|  |TAMS 0x0000000715200000| PB 0x0000000715200000| Untracked 
| 149|0x0000000715400000, 0x0000000715400000, 0x0000000715600000|  0%| F|  |TAMS 0x0000000715400000| PB 0x0000000715400000| Untracked 
| 150|0x0000000715600000, 0x0000000715600000, 0x0000000715800000|  0%| F|  |TAMS 0x0000000715600000| PB 0x0000000715600000| Untracked 
| 151|0x0000000715800000, 0x0000000715800000, 0x0000000715a00000|  0%| F|  |TAMS 0x0000000715800000| PB 0x0000000715800000| Untracked 
| 152|0x0000000715a00000, 0x0000000715a00000, 0x0000000715c00000|  0%| F|  |TAMS 0x0000000715a00000| PB 0x0000000715a00000| Untracked 
| 153|0x0000000715c00000, 0x0000000715c00000, 0x0000000715e00000|  0%| F|  |TAMS 0x0000000715c00000| PB 0x0000000715c00000| Untracked 
| 154|0x0000000715e00000, 0x0000000715e00000, 0x0000000716000000|  0%| F|  |TAMS 0x0000000715e00000| PB 0x0000000715e00000| Untracked 
| 155|0x0000000716000000, 0x0000000716000000, 0x0000000716200000|  0%| F|  |TAMS 0x0000000716000000| PB 0x0000000716000000| Untracked 
| 156|0x0000000716200000, 0x0000000716200000, 0x0000000716400000|  0%| F|  |TAMS 0x0000000716200000| PB 0x0000000716200000| Untracked 
| 157|0x0000000716400000, 0x0000000716400000, 0x0000000716600000|  0%| F|  |TAMS 0x0000000716400000| PB 0x0000000716400000| Untracked 
| 158|0x0000000716600000, 0x0000000716600000, 0x0000000716800000|  0%| F|  |TAMS 0x0000000716600000| PB 0x0000000716600000| Untracked 
| 159|0x0000000716800000, 0x0000000716800000, 0x0000000716a00000|  0%| F|  |TAMS 0x0000000716800000| PB 0x0000000716800000| Untracked 
| 160|0x0000000716a00000, 0x0000000716a00000, 0x0000000716c00000|  0%| F|  |TAMS 0x0000000716a00000| PB 0x0000000716a00000| Untracked 
| 161|0x0000000716c00000, 0x0000000716c00000, 0x0000000716e00000|  0%| F|  |TAMS 0x0000000716c00000| PB 0x0000000716c00000| Untracked 
| 162|0x0000000716e00000, 0x0000000716e00000, 0x0000000717000000|  0%| F|  |TAMS 0x0000000716e00000| PB 0x0000000716e00000| Untracked 
| 163|0x0000000717000000, 0x0000000717000000, 0x0000000717200000|  0%| F|  |TAMS 0x0000000717000000| PB 0x0000000717000000| Untracked 
| 164|0x0000000717200000, 0x0000000717200000, 0x0000000717400000|  0%| F|  |TAMS 0x0000000717200000| PB 0x0000000717200000| Untracked 
| 165|0x0000000717400000, 0x0000000717400000, 0x0000000717600000|  0%| F|  |TAMS 0x0000000717400000| PB 0x0000000717400000| Untracked 
| 166|0x0000000717600000, 0x0000000717600000, 0x0000000717800000|  0%| F|  |TAMS 0x0000000717600000| PB 0x0000000717600000| Untracked 
| 167|0x0000000717800000, 0x0000000717800000, 0x0000000717a00000|  0%| F|  |TAMS 0x0000000717800000| PB 0x0000000717800000| Untracked 
| 168|0x0000000717a00000, 0x0000000717a00000, 0x0000000717c00000|  0%| F|  |TAMS 0x0000000717a00000| PB 0x0000000717a00000| Untracked 
| 169|0x0000000717c00000, 0x0000000717c00000, 0x0000000717e00000|  0%| F|  |TAMS 0x0000000717c00000| PB 0x0000000717c00000| Untracked 
| 170|0x0000000717e00000, 0x0000000717e00000, 0x0000000718000000|  0%| F|  |TAMS 0x0000000717e00000| PB 0x0000000717e00000| Untracked 
| 171|0x0000000718000000, 0x0000000718000000, 0x0000000718200000|  0%| F|  |TAMS 0x0000000718000000| PB 0x0000000718000000| Untracked 
| 172|0x0000000718200000, 0x0000000718200000, 0x0000000718400000|  0%| F|  |TAMS 0x0000000718200000| PB 0x0000000718200000| Untracked 
| 173|0x0000000718400000, 0x0000000718400000, 0x0000000718600000|  0%| F|  |TAMS 0x0000000718400000| PB 0x0000000718400000| Untracked 
| 174|0x0000000718600000, 0x0000000718600000, 0x0000000718800000|  0%| F|  |TAMS 0x0000000718600000| PB 0x0000000718600000| Untracked 
| 175|0x0000000718800000, 0x0000000718800000, 0x0000000718a00000|  0%| F|  |TAMS 0x0000000718800000| PB 0x0000000718800000| Untracked 
| 176|0x0000000718a00000, 0x0000000718a00000, 0x0000000718c00000|  0%| F|  |TAMS 0x0000000718a00000| PB 0x0000000718a00000| Untracked 
| 177|0x0000000718c00000, 0x0000000718c00000, 0x0000000718e00000|  0%| F|  |TAMS 0x0000000718c00000| PB 0x0000000718c00000| Untracked 
| 178|0x0000000718e00000, 0x0000000718e00000, 0x0000000719000000|  0%| F|  |TAMS 0x0000000718e00000| PB 0x0000000718e00000| Untracked 
|2024|0x00000007ffa00000, 0x00000007ffa00000, 0x00000007ffc00000|  0%| F|  |TAMS 0x00000007ffa00000| PB 0x00000007ffa00000| Untracked 
|2025|0x00000007ffc00000, 0x00000007ffc00000, 0x00000007ffe00000|  0%| F|  |TAMS 0x00000007ffc00000| PB 0x00000007ffc00000| Untracked 
|2026|0x00000007ffe00000, 0x00000007ffe00000, 0x0000000800000000|  0%| F|  |TAMS 0x00000007ffe00000| PB 0x00000007ffe00000| Untracked 

Card table byte_map: [0x000001acc2710000,0x000001acc2f00000] _byte_map_base: 0x000001acbeefb000

Marking Bits: (CMBitMap*) 0x000001acb6a35690
 Bits: [0x000001acc2f00000, 0x000001acc6e58000)

Polling page: 0x000001acb4980000

Metaspace:

Usage:
  Non-class:     53.54 MB used.
      Class:      9.30 MB used.
       Both:     62.84 MB used.

Virtual space:
  Non-class space:       64.00 MB reserved,      53.88 MB ( 84%) committed,  1 nodes.
      Class space:        1.00 GB reserved,       9.62 MB ( <1%) committed,  1 nodes.
             Both:        1.06 GB reserved,      63.50 MB (  6%) committed. 

Chunk freelists:
   Non-Class:  10.14 MB
       Class:  6.22 MB
        Both:  16.36 MB

MaxMetaspaceSize: unlimited
CompressedClassSpaceSize: 1.00 GB
Initial GC threshold: 21.00 MB
Current GC threshold: 105.88 MB
CDS: on
 - commit_granule_bytes: 65536.
 - commit_granule_words: 8192.
 - virtual_space_node_default_size: 8388608.
 - enlarge_chunks_in_place: 1.
 - use_allocation_guard: 0.


Internal statistics:

num_allocs_failed_limit: 6.
num_arena_births: 904.
num_arena_deaths: 0.
num_vsnodes_births: 2.
num_vsnodes_deaths: 0.
num_space_committed: 1015.
num_space_uncommitted: 0.
num_chunks_returned_to_freelist: 6.
num_chunks_taken_from_freelist: 3260.
num_chunk_merges: 6.
num_chunk_splits: 2410.
num_chunks_enlarged: 1921.
num_inconsistent_stats: 0.

CodeCache: size=49152Kb used=10557Kb max_used=12923Kb free=38594Kb
 bounds [0x000001acbee10000, 0x000001acbfaf0000, 0x000001acc1e10000]
 total_blobs=6171 nmethods=5471 adapters=622
 compilation: enabled
              stopped_count=0, restarted_count=0
 full_count=0

Compilation events (20 events):
Event: 9.965 Thread 0x000001acc95265d0 nmethod 6956 0x000001acbef23e90 code [0x000001acbef24020, 0x000001acbef240f0]
Event: 9.965 Thread 0x000001acc9bb6420 nmethod 6955 0x000001acbef2ae10 code [0x000001acbef2afa0, 0x000001acbef2b0a0]
Event: 9.965 Thread 0x000001acc95265d0 6957       1       org.antlr.v4.runtime.DefaultErrorStrategy::reportMatch (6 bytes)
Event: 9.965 Thread 0x000001acc9bb6420 6958       1       org.antlr.v4.runtime.Parser::consume (214 bytes)
Event: 9.965 Thread 0x000001acc95265d0 nmethod 6957 0x000001acbf050d10 code [0x000001acbf050ea0, 0x000001acbf050fa0]
Event: 9.965 Thread 0x000001acc95265d0 6959       1       org.antlr.v4.runtime.DefaultErrorStrategy::inErrorRecoveryMode (5 bytes)
Event: 9.965 Thread 0x000001acc95265d0 nmethod 6959 0x000001acbf056390 code [0x000001acbf056520, 0x000001acbf0565f0]
Event: 9.965 Thread 0x000001acc95265d0 6960       1       org.antlr.v4.runtime.Parser::createTerminalNode (9 bytes)
Event: 9.965 Thread 0x000001acc95265d0 nmethod 6960 0x000001acbf04fd90 code [0x000001acbf04ff20, 0x000001acbf050098]
Event: 9.966 Thread 0x000001acc95265d0 6961       1       org.antlr.v4.runtime.tree.TerminalNodeImpl::<init> (10 bytes)
Event: 9.966 Thread 0x000001acc95265d0 nmethod 6961 0x000001acbf057410 code [0x000001acbf0575a0, 0x000001acbf0576c0]
Event: 9.966 Thread 0x000001acc95265d0 6962       1       org.antlr.v4.runtime.ParserRuleContext::addChild (16 bytes)
Event: 9.966 Thread 0x000001acc95265d0 nmethod 6962 0x000001acbf1fa490 code [0x000001acbf1fa660, 0x000001acbf1fa9c8]
Event: 9.966 Thread 0x000001acc9bb6420 nmethod 6958 0x000001acbf3d8990 code [0x000001acbf3d8c80, 0x000001acbf3d9798]
Event: 9.969 Thread 0x000001acc9bb6420 6963       1       org.antlr.v4.runtime.misc.IntegerList::get (27 bytes)
Event: 9.969 Thread 0x000001acc9bb6420 nmethod 6963 0x000001acbf201590 code [0x000001acbf201740, 0x000001acbf2018f8]
Event: 9.970 Thread 0x000001acc9bb6420 6964       1       org.antlr.v4.runtime.dfa.DFAState::equals (35 bytes)
Event: 9.970 Thread 0x000001acc95265d0 6965       1       org.antlr.v4.runtime.atn.ATNConfigSet::equals (105 bytes)
Event: 9.970 Thread 0x000001acc9bb6420 nmethod 6964 0x000001acbf275110 code [0x000001acbf2752c0, 0x000001acbf2754b0]
Event: 9.970 Thread 0x000001acc95265d0 nmethod 6965 0x000001acbf070290 code [0x000001acbf070440, 0x000001acbf0706d0]

GC Heap History (20 events):
Event: 8.494 GC heap after
{Heap after GC invocations=20 (full 0):
 garbage-first heap   total 147456K, used 89046K [0x0000000702a00000, 0x0000000800000000)
  region size 2048K, 4 young (8192K), 4 survivors (8192K)
 Metaspace       used 62614K, committed 63296K, reserved 1114112K
  class space    used 9141K, committed 9472K, reserved 1048576K
}
Event: 8.511 GC heap before
{Heap before GC invocations=20 (full 0):
 garbage-first heap   total 147456K, used 97238K [0x0000000702a00000, 0x0000000800000000)
  region size 2048K, 9 young (18432K), 4 survivors (8192K)
 Metaspace       used 62614K, committed 63296K, reserved 1114112K
  class space    used 9141K, committed 9472K, reserved 1048576K
}
Event: 8.517 GC heap after
{Heap after GC invocations=21 (full 0):
 garbage-first heap   total 147456K, used 94769K [0x0000000702a00000, 0x0000000800000000)
  region size 2048K, 3 young (6144K), 3 survivors (6144K)
 Metaspace       used 62614K, committed 63296K, reserved 1114112K
  class space    used 9141K, committed 9472K, reserved 1048576K
}
Event: 8.586 GC heap before
{Heap before GC invocations=22 (full 0):
 garbage-first heap   total 182272K, used 119345K [0x0000000702a00000, 0x0000000800000000)
  region size 2048K, 16 young (32768K), 3 survivors (6144K)
 Metaspace       used 62614K, committed 63296K, reserved 1114112K
  class space    used 9141K, committed 9472K, reserved 1048576K
}
Event: 8.590 GC heap after
{Heap after GC invocations=23 (full 0):
 garbage-first heap   total 182272K, used 94120K [0x0000000702a00000, 0x0000000800000000)
  region size 2048K, 1 young (2048K), 1 survivors (2048K)
 Metaspace       used 62614K, committed 63296K, reserved 1114112K
  class space    used 9141K, committed 9472K, reserved 1048576K
}
Event: 8.810 GC heap before
{Heap before GC invocations=23 (full 0):
 garbage-first heap   total 182272K, used 147368K [0x0000000702a00000, 0x0000000800000000)
  region size 2048K, 27 young (55296K), 1 survivors (2048K)
 Metaspace       used 64337K, committed 65024K, reserved 1114112K
  class space    used 9520K, committed 9856K, reserved 1048576K
}
Event: 8.816 GC heap after
{Heap after GC invocations=24 (full 0):
 garbage-first heap   total 182272K, used 92284K [0x0000000702a00000, 0x0000000800000000)
  region size 2048K, 4 young (8192K), 4 survivors (8192K)
 Metaspace       used 64337K, committed 65024K, reserved 1114112K
  class space    used 9520K, committed 9856K, reserved 1048576K
}
Event: 8.914 GC heap before
{Heap before GC invocations=24 (full 0):
 garbage-first heap   total 182272K, used 145532K [0x0000000702a00000, 0x0000000800000000)
  region size 2048K, 31 young (63488K), 4 survivors (8192K)
 Metaspace       used 64347K, committed 65024K, reserved 1114112K
  class space    used 9520K, committed 9856K, reserved 1048576K
}
Event: 8.923 GC heap after
{Heap after GC invocations=25 (full 0):
 garbage-first heap   total 372736K, used 106089K [0x0000000702a00000, 0x0000000800000000)
  region size 2048K, 4 young (8192K), 4 survivors (8192K)
 Metaspace       used 64347K, committed 65024K, reserved 1114112K
  class space    used 9520K, committed 9856K, reserved 1048576K
}
Event: 9.257 GC heap before
{Heap before GC invocations=26 (full 0):
 garbage-first heap   total 372736K, used 265833K [0x0000000702a00000, 0x0000000800000000)
  region size 2048K, 82 young (167936K), 4 survivors (8192K)
 Metaspace       used 64348K, committed 65024K, reserved 1114112K
  class space    used 9520K, committed 9856K, reserved 1048576K
}
Event: 9.279 GC heap after
{Heap after GC invocations=27 (full 0):
 garbage-first heap   total 372736K, used 150033K [0x0000000702a00000, 0x0000000800000000)
  region size 2048K, 11 young (22528K), 11 survivors (22528K)
 Metaspace       used 64348K, committed 65024K, reserved 1114112K
  class space    used 9520K, committed 9856K, reserved 1048576K
}
Event: 9.476 GC heap before
{Heap before GC invocations=27 (full 0):
 garbage-first heap   total 372736K, used 254481K [0x0000000702a00000, 0x0000000800000000)
  region size 2048K, 62 young (126976K), 11 survivors (22528K)
 Metaspace       used 64348K, committed 65024K, reserved 1114112K
  class space    used 9520K, committed 9856K, reserved 1048576K
}
Event: 9.503 GC heap after
{Heap after GC invocations=28 (full 0):
 garbage-first heap   total 372736K, used 187392K [0x0000000702a00000, 0x0000000800000000)
  region size 2048K, 8 young (16384K), 8 survivors (16384K)
 Metaspace       used 64348K, committed 65024K, reserved 1114112K
  class space    used 9520K, committed 9856K, reserved 1048576K
}
Event: 9.509 GC heap before
{Heap before GC invocations=28 (full 0):
 garbage-first heap   total 372736K, used 189440K [0x0000000702a00000, 0x0000000800000000)
  region size 2048K, 10 young (20480K), 8 survivors (16384K)
 Metaspace       used 64348K, committed 65024K, reserved 1114112K
  class space    used 9520K, committed 9856K, reserved 1048576K
}
Event: 9.518 GC heap after
{Heap after GC invocations=29 (full 0):
 garbage-first heap   total 372736K, used 194975K [0x0000000702a00000, 0x0000000800000000)
  region size 2048K, 2 young (4096K), 2 survivors (4096K)
 Metaspace       used 64348K, committed 65024K, reserved 1114112K
  class space    used 9520K, committed 9856K, reserved 1048576K
}
Event: 9.700 GC heap before
{Heap before GC invocations=30 (full 0):
 garbage-first heap   total 372736K, used 260511K [0x0000000702a00000, 0x0000000800000000)
  region size 2048K, 44 young (90112K), 2 survivors (4096K)
 Metaspace       used 64348K, committed 65024K, reserved 1114112K
  class space    used 9520K, committed 9856K, reserved 1048576K
}
Event: 9.717 GC heap after
{Heap after GC invocations=31 (full 0):
 garbage-first heap   total 372736K, used 208896K [0x0000000702a00000, 0x0000000800000000)
  region size 2048K, 6 young (12288K), 6 survivors (12288K)
 Metaspace       used 64348K, committed 65024K, reserved 1114112K
  class space    used 9520K, committed 9856K, reserved 1048576K
}
Event: 9.888 GC heap before
{Heap before GC invocations=31 (full 0):
 garbage-first heap   total 372736K, used 294912K [0x0000000702a00000, 0x0000000800000000)
  region size 2048K, 46 young (94208K), 6 survivors (12288K)
 Metaspace       used 64348K, committed 65024K, reserved 1114112K
  class space    used 9520K, committed 9856K, reserved 1048576K
}
Event: 9.907 GC heap after
{Heap after GC invocations=32 (full 0):
 garbage-first heap   total 372736K, used 201829K [0x0000000702a00000, 0x0000000800000000)
  region size 2048K, 6 young (12288K), 6 survivors (12288K)
 Metaspace       used 64348K, committed 65024K, reserved 1114112K
  class space    used 9520K, committed 9856K, reserved 1048576K
}
Event: 10.089 GC heap before
{Heap before GC invocations=32 (full 0):
 garbage-first heap   total 372736K, used 289893K [0x0000000702a00000, 0x0000000800000000)
  region size 2048K, 49 young (100352K), 6 survivors (12288K)
 Metaspace       used 64349K, committed 65024K, reserved 1114112K
  class space    used 9520K, committed 9856K, reserved 1048576K
}

Dll operation events (10 events):
Event: 0.005 Loaded shared library C:\Users\Kevin\.jdks\openjdk-21.0.1\bin\java.dll
Event: 0.081 Loaded shared library C:\Users\Kevin\.jdks\openjdk-21.0.1\bin\net.dll
Event: 0.082 Loaded shared library C:\Users\Kevin\.jdks\openjdk-21.0.1\bin\nio.dll
Event: 0.085 Loaded shared library C:\Users\Kevin\.jdks\openjdk-21.0.1\bin\zip.dll
Event: 0.162 Loaded shared library C:\Users\Kevin\.jdks\openjdk-21.0.1\bin\jimage.dll
Event: 1.110 Loaded shared library C:\Users\Kevin\.jdks\openjdk-21.0.1\bin\sunmscapi.dll
Event: 2.040 Loaded shared library C:\Users\Kevin\.jdks\openjdk-21.0.1\bin\management.dll
Event: 2.042 Loaded shared library C:\Users\Kevin\.jdks\openjdk-21.0.1\bin\management_ext.dll
Event: 2.511 Loaded shared library C:\Users\Kevin\.jdks\openjdk-21.0.1\bin\verify.dll
Event: 2.752 Loaded shared library C:\Users\Kevin\.jdks\openjdk-21.0.1\bin\extnet.dll

Deoptimization events (6 events):
Event: 0.761 Thread 0x000001acb486fbe0 DEOPT PACKING pc=0x000001acbf393de1 sp=0x0000004a6e6fd3b0
Event: 0.761 Thread 0x000001acb486fbe0 DEOPT UNPACKING pc=0x000001acbee64e42 sp=0x0000004a6e6fc890 mode 3
Event: 0.876 Thread 0x000001acb486fbe0 DEOPT PACKING pc=0x000001acbf3f62dd sp=0x0000004a6e6fd8a0
Event: 0.876 Thread 0x000001acb486fbe0 DEOPT UNPACKING pc=0x000001acbee64e42 sp=0x0000004a6e6fcd48 mode 3
Event: 2.128 Thread 0x000001acb486fbe0 DEOPT PACKING pc=0x000001acbf7240a5 sp=0x0000004a6e6fc4f0
Event: 2.128 Thread 0x000001acb486fbe0 DEOPT UNPACKING pc=0x000001acbee64e42 sp=0x0000004a6e6fba58 mode 3

Classes loaded (20 events):
Event: 7.713 Loading class java/util/regex/Pattern$SliceU
Event: 7.713 Loading class java/util/regex/Pattern$SliceU done
Event: 7.713 Loading class java/util/regex/Pattern$Bound
Event: 7.713 Loading class java/util/regex/Pattern$Bound done
Event: 7.714 Loading class java/util/regex/Pattern$SliceI
Event: 7.714 Loading class java/util/regex/Pattern$SliceI done
Event: 7.714 Loading class java/util/regex/Pattern$LookBehindEndNode
Event: 7.714 Loading class java/util/regex/Pattern$LookBehindEndNode done
Event: 7.714 Loading class java/util/regex/Pattern$NotBehind
Event: 7.714 Loading class java/util/regex/Pattern$NotBehind done
Event: 7.714 Loading class java/util/regex/Pattern$Behind
Event: 7.714 Loading class java/util/regex/Pattern$Behind done
Event: 7.723 Loading class java/lang/invoke/MethodHandleImpl$CountingWrapper
Event: 7.723 Loading class java/lang/invoke/MethodHandleImpl$CountingWrapper done
Event: 7.726 Loading class java/lang/invoke/MethodHandleImpl$CountingWrapper$1
Event: 7.726 Loading class java/lang/invoke/MethodHandleImpl$CountingWrapper$1 done
Event: 7.733 Loading class java/util/EmptyStackException
Event: 7.733 Loading class java/util/EmptyStackException done
Event: 7.835 Loading class java/io/InvalidClassException
Event: 7.835 Loading class java/io/InvalidClassException done

Classes unloaded (0 events):
No events

Classes redefined (0 events):
No events

Internal exceptions (20 events):
Event: 3.896 Thread 0x000001acb486fbe0 Exception <a 'java/lang/NoSuchMethodError'{0x0000000707b4d6c0}: 'java.lang.Object java.lang.invoke.DirectMethodHandle$Holder.newInvokeSpecial(java.lang.Object, java.lang.Object, int, java.lang.Object)'> (0x0000000707b4d6c0) 
thrown [s\open\src\hotspot\share\interpreter\linkResolver.cpp, line 773]
Event: 3.908 Thread 0x000001acb486fbe0 Exception <a 'java/lang/NoSuchMethodError'{0x000000070781bdb8}: 'void java.lang.invoke.DirectMethodHandle$Holder.invokeSpecial(java.lang.Object, java.lang.Object, java.lang.Object, java.lang.Object, java.lang.Object, java.lang.Object, java.lang.Object, java.lang.Object)'> (0x000000070781bdb8) 
thrown [s\open\src\hotspot\share\interpreter\linkResolver.cpp, line 773]
Event: 3.913 Thread 0x000001acb486fbe0 Exception <a 'java/lang/NoSuchMethodError'{0x0000000707857508}: 'void java.lang.invoke.DirectMethodHandle$Holder.invokeSpecial(java.lang.Object, java.lang.Object, int, java.lang.Object)'> (0x0000000707857508) 
thrown [s\open\src\hotspot\share\interpreter\linkResolver.cpp, line 773]
Event: 3.913 Thread 0x000001acb486fbe0 Exception <a 'java/lang/NoSuchMethodError'{0x000000070785d830}: 'java.lang.Object java.lang.invoke.DirectMethodHandle$Holder.newInvokeSpecial(java.lang.Object, java.lang.Object, int)'> (0x000000070785d830) 
thrown [s\open\src\hotspot\share\interpreter\linkResolver.cpp, line 773]
Event: 3.933 Thread 0x000001acb486fbe0 Exception <a 'java/lang/NoSuchMethodError'{0x00000007079b7e30}: 'int java.lang.invoke.DirectMethodHandle$Holder.invokeStatic(java.lang.Object, int, java.lang.Object)'> (0x00000007079b7e30) 
thrown [s\open\src\hotspot\share\interpreter\linkResolver.cpp, line 773]
Event: 3.934 Thread 0x000001acb486fbe0 Exception <a 'java/lang/NoSuchMethodError'{0x00000007079d2978}: 'java.lang.Object java.lang.invoke.DirectMethodHandle$Holder.newInvokeSpecial(java.lang.Object, java.lang.Object, java.lang.Object, java.lang.Object, java.lang.Object, int, java.lang.Object)'> (0x00000007079d2978) 
thrown [s\open\src\hotspot\share\interpreter\linkResolver.cpp, line 773]
Event: 3.938 Thread 0x000001acb486fbe0 Exception <a 'java/lang/NoSuchMethodError'{0x0000000707605278}: 'java.lang.Object java.lang.invoke.Invokers$Holder.linkToTargetMethod(java.lang.Object, java.lang.Object, java.lang.Object, java.lang.Object, java.lang.Object, java.lang.Object, java.lang.Object, java.lang.Object, java.lang.Object, java.lang.Object, java.lang.Object, java.lang.Object)'> (0x0000000707605278) 
thrown [s\open\src\hotspot\share\interpreter\linkResolver.cpp, line 773]
Event: 3.964 Thread 0x000001acb486fbe0 Exception <a 'java/lang/IncompatibleClassChangeError'{0x00000007077a8a10}: Found class java.lang.Object, but interface was expected> (0x00000007077a8a10) 
thrown [s\open\src\hotspot\share\interpreter\linkResolver.cpp, line 840]
Event: 3.973 Thread 0x000001acb486fbe0 Exception <a 'java/lang/NoSuchMethodError'{0x00000007074477a8}: 'java.lang.Object java.lang.invoke.DirectMethodHandle$Holder.newInvokeSpecial(java.lang.Object, java.lang.Object, int, java.lang.Object, int, java.lang.Object, java.lang.Object)'> (0x00000007074477a8) 
thrown [s\open\src\hotspot\share\interpreter\linkResolver.cpp, line 773]
Event: 3.985 Thread 0x000001acb486fbe0 Exception <a 'java/lang/NoSuchMethodError'{0x0000000707517c70}: 'java.lang.Object java.lang.invoke.DirectMethodHandle$Holder.newInvokeSpecial(java.lang.Object, java.lang.Object, java.lang.Object, java.lang.Object, java.lang.Object, java.lang.Object, java.lang.Object, int)'> (0x0000000707517c70) 
thrown [s\open\src\hotspot\share\interpreter\linkResolver.cpp, line 773]
Event: 3.985 Thread 0x000001acb486fbe0 Exception <a 'java/lang/NoSuchMethodError'{0x000000070751c1d0}: 'java.lang.Object java.lang.invoke.DirectMethodHandle$Holder.invokeSpecial(java.lang.Object, java.lang.Object, java.lang.Object, java.lang.Object, java.lang.Object, java.lang.Object, java.lang.Object, java.lang.Object, int)'> (0x000000070751c1d0) 
thrown [s\open\src\hotspot\share\interpreter\linkResolver.cpp, line 773]
Event: 3.986 Thread 0x000001acb486fbe0 Exception <a 'java/lang/NoSuchMethodError'{0x00000007075201e8}: 'java.lang.Object java.lang.invoke.Invokers$Holder.linkToTargetMethod(java.lang.Object, java.lang.Object, java.lang.Object, java.lang.Object, java.lang.Object, java.lang.Object, int, java.lang.Object)'> (0x00000007075201e8) 
thrown [s\open\src\hotspot\share\interpreter\linkResolver.cpp, line 773]
Event: 7.459 Thread 0x000001acb486fbe0 Exception <a 'java/lang/IncompatibleClassChangeError'{0x0000000707038aa0}: Found class java.lang.Object, but interface was expected> (0x0000000707038aa0) 
thrown [s\open\src\hotspot\share\interpreter\linkResolver.cpp, line 840]
Event: 7.495 Thread 0x000001acb486fbe0 Exception <a 'java/lang/IncompatibleClassChangeError'{0x00000007071d3990}: Found class java.lang.Object, but interface was expected> (0x00000007071d3990) 
thrown [s\open\src\hotspot\share\interpreter\linkResolver.cpp, line 840]
Event: 7.628 Thread 0x000001acb486fbe0 Exception <a 'java/lang/IncompatibleClassChangeError'{0x0000000706571660}: Found class java.lang.Object, but interface was expected> (0x0000000706571660) 
thrown [s\open\src\hotspot\share\interpreter\linkResolver.cpp, line 840]
Event: 7.656 Thread 0x000001acb486fbe0 Exception <a 'java/lang/IncompatibleClassChangeError'{0x000000070633b0f8}: Found class java.lang.Object, but interface was expected> (0x000000070633b0f8) 
thrown [s\open\src\hotspot\share\interpreter\linkResolver.cpp, line 840]
Event: 7.723 Thread 0x000001acb486fbe0 Exception <a 'java/lang/NoSuchMethodError'{0x0000000705f39a58}: 'java.lang.Object java.lang.invoke.DirectMethodHandle$Holder.invokeStatic(java.lang.Object, int, java.lang.Object, java.lang.Object)'> (0x0000000705f39a58) 
thrown [s\open\src\hotspot\share\interpreter\linkResolver.cpp, line 773]
Event: 7.723 Thread 0x000001acb486fbe0 Exception <a 'java/lang/NoSuchMethodError'{0x0000000705f3de00}: 'java.lang.Object java.lang.invoke.DirectMethodHandle$Holder.invokeSpecial(java.lang.Object, java.lang.Object, int, java.lang.Object, java.lang.Object)'> (0x0000000705f3de00) 
thrown [s\open\src\hotspot\share\interpreter\linkResolver.cpp, line 773]
Event: 7.723 Thread 0x000001acb486fbe0 Exception <a 'java/lang/NoSuchMethodError'{0x0000000705f41ae0}: 'java.lang.Object java.lang.invoke.DelegatingMethodHandle$Holder.delegate(java.lang.Object, int, java.lang.Object, java.lang.Object)'> (0x0000000705f41ae0) 
thrown [s\open\src\hotspot\share\interpreter\linkResolver.cpp, line 773]
Event: 7.724 Thread 0x000001acb486fbe0 Exception <a 'java/lang/NoSuchMethodError'{0x0000000705f50e78}: 'int java.lang.invoke.Invokers$Holder.linkToTargetMethod(java.lang.Object, java.lang.Object, java.lang.Object)'> (0x0000000705f50e78) 
thrown [s\open\src\hotspot\share\interpreter\linkResolver.cpp, line 773]

ZGC Phase Switch (0 events):
No events

VM Operations (20 events):
Event: 8.923 Executing VM operation: G1CollectForAllocation (G1 Evacuation Pause) done
Event: 8.991 Executing VM operation: G1PauseRemark
Event: 8.993 Executing VM operation: G1PauseRemark done
Event: 9.013 Executing VM operation: G1PauseCleanup
Event: 9.013 Executing VM operation: G1PauseCleanup done
Event: 9.257 Executing VM operation: G1CollectForAllocation (G1 Evacuation Pause)
Event: 9.279 Executing VM operation: G1CollectForAllocation (G1 Evacuation Pause) done
Event: 9.476 Executing VM operation: G1CollectForAllocation (G1 Evacuation Pause)
Event: 9.503 Executing VM operation: G1CollectForAllocation (G1 Evacuation Pause) done
Event: 9.509 Executing VM operation: G1TryInitiateConcMark (G1 Humongous Allocation)
Event: 9.518 Executing VM operation: G1TryInitiateConcMark (G1 Humongous Allocation) done
Event: 9.567 Executing VM operation: G1PauseRemark
Event: 9.571 Executing VM operation: G1PauseRemark done
Event: 9.597 Executing VM operation: G1PauseCleanup
Event: 9.597 Executing VM operation: G1PauseCleanup done
Event: 9.700 Executing VM operation: G1CollectForAllocation (G1 Evacuation Pause)
Event: 9.717 Executing VM operation: G1CollectForAllocation (G1 Evacuation Pause) done
Event: 9.888 Executing VM operation: G1CollectForAllocation (G1 Evacuation Pause)
Event: 9.907 Executing VM operation: G1CollectForAllocation (G1 Evacuation Pause) done
Event: 10.089 Executing VM operation: G1CollectForAllocation (G1 Evacuation Pause)

Events (20 events):
Event: 9.571 Thread 0x000001acc94f2500 flushing nmethod 0x000001acbf12c210
Event: 9.571 Thread 0x000001acc94f2500 flushing nmethod 0x000001acbf10b810
Event: 9.571 Thread 0x000001acc94f2500 flushing nmethod 0x000001acbf106d90
Event: 9.571 Thread 0x000001acc94f2500 flushing nmethod 0x000001acbf0d1a90
Event: 9.571 Thread 0x000001acc94f2500 flushing nmethod 0x000001acbf0f6790
Event: 9.571 Thread 0x000001acc94f2500 flushing nmethod 0x000001acbf0a4d90
Event: 9.571 Thread 0x000001acc94f2500 flushing nmethod 0x000001acbf0cc090
Event: 9.571 Thread 0x000001acc94f2500 flushing nmethod 0x000001acbf0cba90
Event: 9.571 Thread 0x000001acc94f2500 flushing nmethod 0x000001acbf0bfd90
Event: 9.571 Thread 0x000001acc94f2500 flushing nmethod 0x000001acbf085090
Event: 9.571 Thread 0x000001acc94f2500 flushing nmethod 0x000001acbf050d10
Event: 9.571 Thread 0x000001acc94f2500 flushing nmethod 0x000001acbf070290
Event: 9.571 Thread 0x000001acc94f2500 flushing nmethod 0x000001acbf04fd90
Event: 9.571 Thread 0x000001acc94f2500 flushing nmethod 0x000001acbf066790
Event: 9.571 Thread 0x000001acc94f2500 flushing nmethod 0x000001acbf05f110
Event: 9.571 Thread 0x000001acc94f2500 flushing nmethod 0x000001acbf057410
Event: 9.571 Thread 0x000001acc94f2500 flushing nmethod 0x000001acbf056390
Event: 9.571 Thread 0x000001acc94f2500 flushing nmethod 0x000001acbef23e90
Event: 9.571 Thread 0x000001acc94f2500 flushing nmethod 0x000001acbef2ae10
Event: 9.643 Thread 0x000001acc9bb7890 Thread exited: 0x000001acc9bb7890


Dynamic libraries:
0x00007ff6fb7f0000 - 0x00007ff6fb7fe000 	C:\Users\Kevin\.jdks\openjdk-21.0.1\bin\java.exe
0x00007ffbd7330000 - 0x00007ffbd7528000 	C:\Windows\SYSTEM32\ntdll.dll
0x00007ffbd5360000 - 0x00007ffbd5422000 	C:\Windows\System32\KERNEL32.DLL
0x00007ffbd4b30000 - 0x00007ffbd4e26000 	C:\Windows\System32\KERNELBASE.dll
0x00007ffbd5060000 - 0x00007ffbd5160000 	C:\Windows\System32\ucrtbase.dll
0x00007ffbd02e0000 - 0x00007ffbd02f8000 	C:\Users\Kevin\.jdks\openjdk-21.0.1\bin\jli.dll
0x00007ffbb97c0000 - 0x00007ffbb97db000 	C:\Users\Kevin\.jdks\openjdk-21.0.1\bin\VCRUNTIME140.dll
0x00007ffbd5b30000 - 0x00007ffbd5ccd000 	C:\Windows\System32\USER32.dll
0x00007ffbbd5d0000 - 0x00007ffbbd86b000 	C:\Windows\WinSxS\amd64_microsoft.windows.common-controls_6595b64144ccf1df_6.0.19041.6280_none_60bc30a171f2f3f3\COMCTL32.dll
0x00007ffbd4e30000 - 0x00007ffbd4e52000 	C:\Windows\System32\win32u.dll
0x00007ffbd5eb0000 - 0x00007ffbd5f4e000 	C:\Windows\System32\msvcrt.dll
0x00007ffbd6f60000 - 0x00007ffbd6f8b000 	C:\Windows\System32\GDI32.dll
0x00007ffbd4eb0000 - 0x00007ffbd4fc9000 	C:\Windows\System32\gdi32full.dll
0x00007ffbd52c0000 - 0x00007ffbd535d000 	C:\Windows\System32\msvcp_win.dll
0x00007ffbd5a90000 - 0x00007ffbd5abf000 	C:\Windows\System32\IMM32.DLL
0x00007ffbc7820000 - 0x00007ffbc782c000 	C:\Users\Kevin\.jdks\openjdk-21.0.1\bin\vcruntime140_1.dll
0x00007ffbb1640000 - 0x00007ffbb16ce000 	C:\Users\Kevin\.jdks\openjdk-21.0.1\bin\msvcp140.dll
0x00007ffb4baf0000 - 0x00007ffb4c805000 	C:\Users\Kevin\.jdks\openjdk-21.0.1\bin\server\jvm.dll
0x00007ffbd6030000 - 0x00007ffbd60e1000 	C:\Windows\System32\ADVAPI32.dll
0x00007ffbd6ec0000 - 0x00007ffbd6f5f000 	C:\Windows\System32\sechost.dll
0x00007ffbd5700000 - 0x00007ffbd5820000 	C:\Windows\System32\RPCRT4.dll
0x00007ffbd5290000 - 0x00007ffbd52b7000 	C:\Windows\System32\bcrypt.dll
0x00007ffbd5ac0000 - 0x00007ffbd5b2b000 	C:\Windows\System32\WS2_32.dll
0x00007ffbd3ee0000 - 0x00007ffbd3f2b000 	C:\Windows\SYSTEM32\POWRPROF.dll
0x00007ffbcdc30000 - 0x00007ffbcdc3a000 	C:\Windows\SYSTEM32\VERSION.dll
0x00007ffbc4f80000 - 0x00007ffbc4fa7000 	C:\Windows\SYSTEM32\WINMM.dll
0x00007ffbd3da0000 - 0x00007ffbd3db2000 	C:\Windows\SYSTEM32\UMPDC.dll
0x00007ffbd31a0000 - 0x00007ffbd31b2000 	C:\Windows\SYSTEM32\kernel.appcore.dll
0x00007ffbb97b0000 - 0x00007ffbb97ba000 	C:\Users\Kevin\.jdks\openjdk-21.0.1\bin\jimage.dll
0x00007ffbd26f0000 - 0x00007ffbd28f1000 	C:\Windows\SYSTEM32\DBGHELP.DLL
0x00007ffba8ef0000 - 0x00007ffba8f24000 	C:\Windows\SYSTEM32\dbgcore.DLL
0x00007ffbd4fd0000 - 0x00007ffbd5052000 	C:\Windows\System32\bcryptPrimitives.dll
0x00007ffbb7c80000 - 0x00007ffbb7c9f000 	C:\Users\Kevin\.jdks\openjdk-21.0.1\bin\java.dll
0x00007ffbd65c0000 - 0x00007ffbd6d30000 	C:\Windows\System32\SHELL32.dll
0x00007ffbd29f0000 - 0x00007ffbd3195000 	C:\Windows\SYSTEM32\windows.storage.dll
0x00007ffbd6f90000 - 0x00007ffbd72e3000 	C:\Windows\System32\combase.dll
0x00007ffbd4400000 - 0x00007ffbd442b000 	C:\Windows\SYSTEM32\Wldp.dll
0x00007ffbd6d30000 - 0x00007ffbd6dfd000 	C:\Windows\System32\OLEAUT32.dll
0x00007ffbd5430000 - 0x00007ffbd54dd000 	C:\Windows\System32\SHCORE.dll
0x00007ffbd5900000 - 0x00007ffbd595b000 	C:\Windows\System32\shlwapi.dll
0x00007ffbd4900000 - 0x00007ffbd4924000 	C:\Windows\SYSTEM32\profapi.dll
0x00007ffbb7a70000 - 0x00007ffbb7a80000 	C:\Users\Kevin\.jdks\openjdk-21.0.1\bin\net.dll
0x00007ffbcd120000 - 0x00007ffbcd22a000 	C:\Windows\SYSTEM32\WINHTTP.dll
0x00007ffbd4140000 - 0x00007ffbd41aa000 	C:\Windows\system32\mswsock.dll
0x00007ffbb7a50000 - 0x00007ffbb7a66000 	C:\Users\Kevin\.jdks\openjdk-21.0.1\bin\nio.dll
0x00007ffbb1620000 - 0x00007ffbb1638000 	C:\Users\Kevin\.jdks\openjdk-21.0.1\bin\zip.dll
0x00007ffbb1610000 - 0x00007ffbb161e000 	C:\Users\Kevin\.jdks\openjdk-21.0.1\bin\sunmscapi.dll
0x00007ffbd49d0000 - 0x00007ffbd4b2d000 	C:\Windows\System32\CRYPT32.dll
0x00007ffbd4470000 - 0x00007ffbd4497000 	C:\Windows\SYSTEM32\ncrypt.dll
0x00007ffbd4430000 - 0x00007ffbd446b000 	C:\Windows\SYSTEM32\NTASN1.dll
0x00007ffbd4330000 - 0x00007ffbd4348000 	C:\Windows\SYSTEM32\CRYPTSP.dll
0x00007ffbd39d0000 - 0x00007ffbd3a08000 	C:\Windows\system32\rsaenh.dll
0x00007ffbd4880000 - 0x00007ffbd48ae000 	C:\Windows\SYSTEM32\USERENV.dll
0x00007ffbd4350000 - 0x00007ffbd435c000 	C:\Windows\SYSTEM32\CRYPTBASE.dll
0x00007ffbd3dc0000 - 0x00007ffbd3dfb000 	C:\Windows\SYSTEM32\IPHLPAPI.DLL
0x00007ffbd5a80000 - 0x00007ffbd5a88000 	C:\Windows\System32\NSI.dll
0x00007ffbb15f0000 - 0x00007ffbb15fa000 	C:\Users\Kevin\.jdks\openjdk-21.0.1\bin\management.dll
0x00007ffbb15e0000 - 0x00007ffbb15eb000 	C:\Users\Kevin\.jdks\openjdk-21.0.1\bin\management_ext.dll
0x00007ffbd5ea0000 - 0x00007ffbd5ea8000 	C:\Windows\System32\PSAPI.DLL
0x00007ffbb7a40000 - 0x00007ffbb7a50000 	C:\Users\Kevin\.jdks\openjdk-21.0.1\bin\verify.dll
0x00007ffbd3e00000 - 0x00007ffbd3eca000 	C:\Windows\SYSTEM32\DNSAPI.dll
0x00007ffbcd730000 - 0x00007ffbcd73a000 	C:\Windows\System32\rasadhlp.dll
0x00007ffbca970000 - 0x00007ffbca9f0000 	C:\Windows\System32\fwpuclnt.dll
0x00007ffbb7a20000 - 0x00007ffbb7a27000 	C:\Users\Kevin\.jdks\openjdk-21.0.1\bin\extnet.dll

dbghelp: loaded successfully - version: 4.0.5 - missing functions: none
symbol engine: initialized successfully - sym options: 0x614 - pdb path: .;C:\Users\Kevin\.jdks\openjdk-21.0.1\bin;C:\Windows\SYSTEM32;C:\Windows\WinSxS\amd64_microsoft.windows.common-controls_6595b64144ccf1df_6.0.19041.6280_none_60bc30a171f2f3f3;C:\Users\Kevin\.jdks\openjdk-21.0.1\bin\server

VM Arguments:
jvm_args: -XX:TieredStopAtLevel=1 -Dfile.encoding=windows-1252 -Duser.country=CO -Duser.language=es -Duser.variant 
java_command: com.avanzada.alojamientos.AlojamientosApplication
java_class_path (initial): C:\Users\Kevin\Desktop\Universidad\2025-2\PAvanzada\alojamientos\build\classes\java\main;C:\Users\Kevin\Desktop\Universidad\2025-2\PAvanzada\alojamientos\build\resources\main;C:\Users\Kevin\.gradle\caches\modules-2\files-2.1\org.springdoc\springdoc-openapi-starter-webmvc-ui\2.8.9\a05427a327a1e2c986c29b83632924a29616b400\springdoc-openapi-starter-webmvc-ui-2.8.9.jar;C:\Users\Kevin\.gradle\caches\modules-2\files-2.1\org.mapstruct\mapstruct\1.6.3\416a2155212286d6a1c4cb3bb553c7dfd6a1a092\mapstruct-1.6.3.jar;C:\Users\Kevin\.gradle\caches\modules-2\files-2.1\com.mysql\mysql-connector-j\9.4.0\8f6c66269048fbd2316b7b45d75898ebee44986f\mysql-connector-j-9.4.0.jar;C:\Users\Kevin\.gradle\caches\modules-2\files-2.1\org.springdoc\springdoc-openapi-starter-webmvc-api\2.8.9\4fe6ba3d0eb14176a8ee44b62dcfe15d99c07d48\springdoc-openapi-starter-webmvc-api-2.8.9.jar;C:\Users\Kevin\.gradle\caches\modules-2\files-2.1\org.springdoc\springdoc-openapi-starter-common\2.8.9\94e3d4794436f351d79ccde672153c70d346ab0e\springdoc-openapi-starter-common-2.8.9.jar;C:\Users\Kevin\.gradle\caches\modules-2\files-2.1\org.hibernate.orm\hibernate-core\6.6.26.Final\4a89014a34c7c46d15da49de85aa879c603c962\hibernate-core-6.6.26.Final.jar;C:\Users\Kevin\.gradle\caches\modules-2\files-2.1\org.springframework.data\spring-data-jpa\3.5.3\ed2764475a3c53fec8d1b844f9700ce6427b29dc\spring-data-jpa-3.5.3.jar;C:\Users\Kevin\.gradle\caches\modules-2\files-2.1\org.springframework\spring-aspects\6.2.10\34303b4c9a50261522dbce2d4c3c659660b3c33\spring-aspects-6.2.10.jar;C:\Users\Kevin\.gradle\caches\modules-2\files-2.1\org.springframework\spring-webmvc\6.2.10\d3491aedc2636378cd273f6266d49f43a8b3e241\spring-webmvc-6.2.10.jar;C:\Users\Kevin\.gradle\caches\modules-2\files-2.1\org.springframework\spring-web\6.2.10\38c2f6633a44b385b6263294c38e5a4f217c005c\spring-web-6.2.10.jar;C:\Users\Kevin\.gradle\caches\modules-2\files-2.1\org.webjars\swagger-ui\5.21.0\651ab92c05301ffd2a573667197f94b3968deb22\swagger-ui-5.21.0.jar;C:\Users\Kevin\.gradle\caches\modules-2\files-2.1\org.webjars\webjars-locator-lite\1.1.0\4aaeaa0cdaabb6c72a98894f0faf41037a907115\webjars-locator-lite-1.1.0.jar;C:\Users\Kevin\.gradle\caches\modules-2\files-2.1\org.springframework.boot\spring-boot-autoconfigure\3.5.5\348f4fb99d61a1ea039a44ec667b61657adb54b2\spring-boot-autoconfigure-3.5.5.jar;C:\Users\Kevin\.gradle\caches\modules-2\files-2.1\org.springframework.boot\spring-boot\3.5.5\7d50b76ea4905d6c61fea5cb6556bc735c55da1\spring-boot-3.5.5.jar;C:\Users\Kevin\.gradle\caches\modules-2\files-2.1\jakarta.annotation\jakarta.annotation-api\2.1.1\48b9bda22b091b1f48b13af03fe36db3be6e1ae3\jakarta.annotation-api-2.1.1.jar;C:\Users\Kevin\.gradle\caches\modules-2\files-2.1\org.springframework\spring-orm\6.2.10\4bf04f4693bfbb56248b0dccc7f5e0ec77f95ca6\spring-orm-6.2.10.jar;C:\Users\Kevin\.gradle\caches\modules-2\files-2.1\org.springframework\spring-jdbc\6.2.10\4514e36bf0880464b9b55ecf0ea6ebd7362b664\spring-jdbc-6.2.10.jar;C:\Users\Kevin\.gradle\caches\modules-2\files-2.1\org.springframework.data\spring-data-commons\3.5.3\886e56cfc383f757f057901dc7c448d8dcc73fed\spring-data-commons-3.5.3.jar;C:\Users\Kevin\.gradle\caches\modules-2\files-2.1\org.springframework\spring-context\6.2.10\80464a79539a19a00e32eccb041670f34857fe7\spring-context-6.2.10.jar;C:\Users\Kevin\.gradle\caches\modules-2\files-2.1\org.springframework\spring-aop\6.2.10\2b194c29deaadb71a8a8e5b8b41d9521c29a0d66\spring-aop-6.2.10.jar;C:\Users\Kevin\.gradle\caches\modules-2\files-2.1\org.springframework\spring-tx\6.2.10\bd4915d9862f127b45bae75195622d84f36a5373\spring-tx-6.2.10.jar;C:\Users\Kevin\.gradle\caches\modules-2\files-2.1\org.springframework\spring-beans\6.2.10\88ffda89593a74bb356a96ea2ed235ec6e083cfa\spring-beans-6.2.10.jar;C:\Users\Kevin\.gradle\caches\modules-2\files-2.1\org.springframework\spring-expression\6.2.10\16bdfead8a73673e395441c14b1868a128fc87c2\spring-expression-6.2.10.jar;C:\Users\Kevin\.gradle\caches\modules-2\files-2.1\org.springframework\spring-core\6.2.10\82d9c797f9147b643ac0aab8a1a40e96f8d8a737\spring-core-6.2.10.jar;C:\Users\Kevin\.gradle\caches\modules-2\files-2.1\io.swagger.core.v3\swagger-core-jakarta\2.2.30\b55ef7df3f564d571106dcef586d935bb8989981\swagger-core-jakarta-2.2.30.jar;C:\Users\Kevin\.gradle\caches\modules-2\files-2.1\com.fasterxml.jackson.datatype\jackson-datatype-jdk8\2.19.2\a720d3946c3a1ab04b780f3b3163d62eee6948a0\jackson-datatype-jdk8-2.19.2.jar;C:\Users\Kevin\.gradle\caches\modules-2\files-2.1\com.fasterxml.jackson.datatype\jackson-datatype-jsr310\2.19.2\72e73f048b36d9df82aef146bf8b2ae63b2e28e2\jackson-datatype-jsr310-2.19.2.jar;C:\Users\Kevin\.gradle\caches\modules-2\files-2.1\com.fasterxml.jackson.module\jackson-module-parameter-names\2.19.2\3c4ce467c11364c72ec4967c570fd5a2d1be1d0b\jackson-module-parameter-names-2.19.2.jar;C:\Users\Kevin\.gradle\caches\modules-2\files-2.1\com.fasterxml.jackson.core\jackson-databind\2.19.2\46509399d28f57ca32c6bb4b0d4e10e8f062051e\jackson-databind-2.19.2.jar;C:\Users\Kevin\.gradle\caches\modules-2\files-2.1\io.swagger.core.v3\swagger-models-jakarta\2.2.30\cf01975f119e044da46093668c78aab46d346324\swagger-models-jakarta-2.2.30.jar;C:\Users\Kevin\.gradle\caches\modules-2\files-2.1\com.fasterxml.jackson.core\jackson-annotations\2.19.2\c5381f11988ae3d424b197a26087d86067b6d7d\jackson-annotations-2.19.2.jar;C:\Users\Kevin\.gradle\caches\modules-2\files-2.1\com.fasterxml.jackson.core\jackson-core\2.19.2\50f3b4bd59b9ff51a0ed493e7b5abaf5c39709bf\jackson-core-2.19.2.jar;C:\Users\Kevin\.gradle\caches\modules-2\files-2.1\com.fasterxml.jackson.dataformat\jackson-dataformat-yaml\2.19.2\ba1079940daa609061e46c80b72c5546c4718401\jackson-dataformat-yaml-2.19.2.jar;C:\Users\Kevin\.gradle\caches\modules-2\files-2.1\org.yaml\snakeyaml\2.4\e0666b825b796f85521f02360e77f4c92c5a7a07\snakeyaml-2.4.jar;C:\Users\Kevin\.gradle\caches\modules-2\files-2.1\com.zaxxer\HikariCP\6.3.2\d09ad7d252c2a8daaa99ed5f3b0d54f95b9b344\HikariCP-6.3.2.jar;C:\Users\Kevin\.gradle\caches\modules-2\files-2.1\jakarta.persistence\jakarta.persistence-api\3.1.0\66901fa1c373c6aff65c13791cc11da72060a8d6\jakarta.persistence-api-3.1.0.jar;C:\Users\Kevin\.gradle\caches\modules-2\files-2.1\jakarta.transaction\jakarta.transaction-api\2.0.1\51a520e3fae406abb84e2e1148e6746ce3f80a1a\jakarta.transaction-api-2.0.1.jar;C:\Users\Kevin\.gradle\caches\modules-2\files-2.1\org.hibernate.validator\hibernate-validator\8.0.3.Final\4425f554297a1c5ba03a3f30e559a9fd91048cf8\hibernate-validator-8.0.3.Final.jar;C:\Users\Kevin\.gradle\caches\modules-2\files-2.1\org.jboss.logging\jboss-logging\3.6.1.Final\886afbb445b4016a37c8960a7aef6ebd769ce7e5\jboss-logging-3.6.1.Final.jar;C:\Users\Kevin\.gradle\caches\modules-2\files-2.1\org.hibernate.common\hibernate-commons-annotations\7.0.3.Final\e183c4be8bb41d12e9f19b374e00c34a0a85f439\hibernate-commons-annotations-7.0.3.Final.jar;C:\Users\Kevin\.gradle\caches\modules-2\files-2.1\io.smallrye\jandex\3.2.0\f17ad860f62a08487b9edabde608f8ac55c62fa7\jandex-3.2.0.jar;C:\Users\Kevin\.gradle\caches\modules-2\files-2.1\com.fasterxml\classmate\1.7.0\e98374da1f2143ac8e6e0a95036994bb19137a3\classmate-1.7.0.jar;C:\Users\Kevin\.gradle\caches\modules-2\files-2.1\net.bytebuddy\byte-buddy\1.17.7\3856bfab61beb23e099a0d6629f2ba8de4b98ace\byte-buddy-1.17.7.jar;C:\Users\Kevin\.gradle\caches\modules-2\files-2.1\org.glassfish.jaxb\jaxb-runtime\4.0.5\ca84c2a7169b5293e232b9d00d1e4e36d4c3914a\jaxb-runtime-4.0.5.jar;C:\Users\Kevin\.gradle\caches\modules-2\files-2.1\org.glassfish.jaxb\jaxb-core\4.0.5\7b4b11ea5542eea4ad55e1080b23be436795b3\jaxb-core-4.0.5.jar;C:\Users\Kevin\.gradle\caches\modules-2\files-2.1\jakarta.xml.bind\jakarta.xml.bind-api\4.0.2\6cd5a999b834b63238005b7144136379dc36cad2\jakarta.xml.bind-api-4.0.2.jar;C:\Users\Kevin\.gradle\caches\modules-2\files-2.1\jakarta.inject\jakarta.inject-api\2.0.1\4c28afe1991a941d7702fe1362c365f0a8641d1e\jakarta.inject-api-2.0.1.jar;C:\Users\Kevin\.gradle\caches\modules-2\files-2.1\org.antlr\antlr4-runtime\4.13.0\5a02e48521624faaf5ff4d99afc88b01686af655\antlr4-runtime-4.13.0.jar;C:\Users\Kevin\.gradle\caches\modules-2\files-2.1\ch.qos.logback\logback-classic\1.5.18\fc371f3fc97a639de2d67947cffb7518ec5e3d40\logback-classic-1.5.18.jar;C:\Users\Kevin\.gradle\caches\modules-2\files-2.1\org.apache.logging.log4j\log4j-to-slf4j\2.24.3\da1143e2a2531ee1c2d90baa98eb50a28a39d5a7\log4j-to-slf4j-2.24.3.jar;C:\Users\Kevin\.gradle\caches\modules-2\files-2.1\org.slf4j\jul-to-slf4j\2.0.17\524cb6ccc2b68a57604750e1ab8b13b5a786a6aa\jul-to-slf4j-2.0.17.jar;C:\Users\Kevin\.gradle\caches\modules-2\files-2.1\org.slf4j\slf4j-api\2.0.17\d9e58ac9c7779ba3bf8142aff6c830617a7fe60f\slf4j-api-2.0.17.jar;C:\Users\Kevin\.gradle\caches\modules-2\files-2.1\org.aspectj\aspectjweaver\1.9.24\9b5aeb0cea9f958b9c57fb80e62996e95a3e9379\aspectjweaver-1.9.24.jar;C:\Users\Kevin\.gradle\caches\modules-2\files-2.1\org.apache.tomcat.embed\tomcat-embed-websocket\10.1.44\1966a8224858c4b4480469bfcdcaa3f8faf59cc7\tomcat-embed-websocket-10.1.44.jar;C:\Users\Kevin\.gradle\caches\modules-2\files-2.1\org.apache.tomcat.embed\tomcat-embed-core\10.1.44\5e18d00936ca925c9249f1a8e77c0e8adf1d6287\tomcat-embed-core-10.1.44.jar;C:\Users\Kevin\.gradle\caches\modules-2\files-2.1\org.apache.tomcat.embed\tomcat-embed-el\10.1.44\6ee7685651c5eba1f4bef99f9dbb38b89d1a6cb6\tomcat-embed-el-10.1.44.jar;C:\Users\Kevin\.gradle\caches\modules-2\files-2.1\io.micrometer\micrometer-observation\1.15.3\e95d07e329f6d3ecb15a6ba1c5d96c25b9df0a97\micrometer-observation-1.15.3.jar;C:\Users\Kevin\.gradle\caches\modules-2\files-2.1\org.jspecify\jspecify\1.0.0\7425a601c1c7ec76645a78d22b8c6a627edee507\jspecify-1.0.0.jar;C:\Users\Kevin\.gradle\caches\modules-2\files-2.1\org.springframework\spring-jcl\6.2.10\9ff7e998fe11d991f6b7fd000a0c6583c9e6ffee\spring-jcl-6.2.10.jar;C:\Users\Kevin\.gradle\caches\modules-2\files-2.1\org.eclipse.angus\angus-activation\2.0.2\41f1e0ddd157c856926ed149ab837d110955a9fc\angus-activation-2.0.2.jar;C:\Users\Kevin\.gradle\caches\modules-2\files-2.1\jakarta.activation\jakarta.activation-api\2.1.3\fa165bd70cda600368eee31555222776a46b881f\jakarta.activation-api-2.1.3.jar;C:\Users\Kevin\.gradle\caches\modules-2\files-2.1\io.micrometer\micrometer-commons\1.15.3\3a97060d64a54daa11f14365aebc559fa8820281\micrometer-commons-1.15.3.jar;C:\Users\Kevin\.gradle\caches\modules-2\files-2.1\ch.qos.logback\logback-core\1.5.18\6c0375624f6f36b4e089e2488ba21334a11ef13f\logback-core-1.5.18.jar;C:\Users\Kevin\.gradle\caches\modules-2\files-2.1\org.apache.logging.log4j\log4j-api\2.24.3\b02c125db8b6d295adf72ae6e71af5d83bce2370\log4j-api-2.24.3.jar;C:\Users\Kevin\.gradle\caches\modules-2\files-2.1\org.glassfish.jaxb\txw2\4.0.5\f36a4ef12120a9bb06d766d6a0e54b144fd7ed98\txw2-4.0.5.jar;C:\Users\Kevin\.gradle\caches\modules-2\files-2.1\com.sun.istack\istack-commons-runtime\4.1.2\18ec117c85f3ba0ac65409136afa8e42bc74e739\istack-commons-runtime-4.1.2.jar;C:\Users\Kevin\.gradle\caches\modules-2\files-2.1\org.apache.commons\commons-lang3\3.17.0\b17d2136f0460dcc0d2016ceefca8723bdf4ee70\commons-lang3-3.17.0.jar;C:\Users\Kevin\.gradle\caches\modules-2\files-2.1\io.swagger.core.v3\swagger-annotations-jakarta\2.2.30\b5d67e564431741eefaf21e4f977f12aefbc5f81\swagger-annotations-jakarta-2.2.30.jar;C:\Users\Kevin\.gradle\caches\modules-2\files-2.1\jakarta.validation\jakarta.validation-api\3.0.2\92b6631659ba35ca09e44874d3eb936edfeee532\jakarta.validation-api-3.0.2.jar
Launcher Type: SUN_STANDARD

[Global flags]
     intx CICompilerCount                          = 4                                         {product} {ergonomic}
     uint ConcGCThreads                            = 2                                         {product} {ergonomic}
     uint G1ConcRefinementThreads                  = 8                                         {product} {ergonomic}
   size_t G1HeapRegionSize                         = 2097152                                   {product} {ergonomic}
    uintx GCDrainStackTargetSize                   = 64                                        {product} {ergonomic}
   size_t InitialHeapSize                          = 266338304                                 {product} {ergonomic}
   size_t MarkStackSize                            = 4194304                                   {product} {ergonomic}
   size_t MaxHeapSize                              = 4250927104                                {product} {ergonomic}
   size_t MaxNewSize                               = 2550136832                                {product} {ergonomic}
   size_t MinHeapDeltaBytes                        = 2097152                                   {product} {ergonomic}
   size_t MinHeapSize                              = 8388608                                   {product} {ergonomic}
    uintx NonNMethodCodeHeapSize                   = 4096                                   {pd product} {ergonomic}
    uintx NonProfiledCodeHeapSize                  = 0                                      {pd product} {ergonomic}
     bool ProfileInterpreter                       = false                                  {pd product} {command line}
    uintx ProfiledCodeHeapSize                     = 0                                      {pd product} {ergonomic}
   size_t SoftMaxHeapSize                          = 4250927104                             {manageable} {ergonomic}
     intx TieredStopAtLevel                        = 1                                         {product} {command line}
     bool UseCompressedOops                        = true                           {product lp64_product} {ergonomic}
     bool UseG1GC                                  = true                                      {product} {ergonomic}
     bool UseLargePagesIndividualAllocation        = false                                  {pd product} {ergonomic}

Logging:
Log output configuration:
 #0: stdout all=warning uptime,level,tags foldmultilines=false
 #1: stderr all=off uptime,level,tags foldmultilines=false

Environment Variables:
JAVA_HOME=C:\Program Files\Java\jdk-17
PATH=C:\Program Files (x86)\VMware\VMware Workstation\bin\;C:\Users\Kevin\AppData\Roaming\Python\Python311\Scripts;C:\Program Files\Common Files\Oracle\Java\javapath;C:\Windows\system32;C:\Windows;C:\Windows\System32\Wbem;C:\Windows\System32\WindowsPowerShell\v1.0\;C:\Windows\System32\OpenSSH\;C:\Program Files\Git\cmd;C:\Program Files\Microsoft SQL Server\Client SDK\ODBC\170\Tools\Binn\;C:\Program Files\dotnet\;C:\Program Files\NVIDIA Corporation\NVIDIA app\NvDLISR;C:\Program Files (x86)\NVIDIA Corporation\PhysX\Common;C:\ProgramData\chocolatey\bin;C:\ProgramData\chocolatey\lib\maven\apache-maven-3.9.9\bin;D:\programas\PuTTY\;C:\Users\Kevin\AppData\Local\nvm;C:\nvm4w\nodejs;C:\Program Files\Docker\Docker\resources\bin;C:\Users\Kevin\AppData\Local\Programs\Python\Python313\Scripts\;C:\Users\Kevin\AppData\Local\Programs\Python\Python313\;C:\Users\Kevin\.console-ninja\.bin;C:\Users\Kevin\AppData\Local\Microsoft\WindowsApps;C:\Users\Kevin\AppData\Local\GitHubDesktop\bin;D:\programas\JetBrains\PycharmSata\PyCharm Community Edition 2023.2\bin;C:\Users\Kevin\AppData\Local\Programs\Microsoft VS Code\bin;C:\Users\Kevin\.dotnet\tools;C:\Users\Kevin\AppData\Roaming\npm;C:\Program Files\Azure Data Studio\bin;C:\Program Files\Oracle\VirtualBox;C:\Users\Kevin\AppData\Local\nvm;C:\nvm4w\nodejs;C:\Program Files\MySQL\MySQL Server 8.0\bin;
USERNAME=Kevin
OS=Windows_NT
PROCESSOR_IDENTIFIER=Intel64 Family 6 Model 165 Stepping 2, GenuineIntel
TMP=C:\Users\Kevin\AppData\Local\Temp
TEMP=C:\Users\Kevin\AppData\Local\Temp




Periodic native trim disabled

---------------  S Y S T E M  ---------------

OS:
 Windows 10 , 64 bit Build 19041 (10.0.19041.5915)
OS uptime: 0 days 2:31 hours
Hyper-V role detected

CPU: total 8 (initial active 8) (4 cores per cpu, 2 threads per core) family 6 model 165 stepping 2 microcode 0xea, cx8, cmov, fxsr, ht, mmx, 3dnowpref, sse, sse2, sse3, ssse3, sse4.1, sse4.2, popcnt, lzcnt, tsc, tscinvbit, avx, avx2, aes, erms, clmul, bmi1, bmi2, adx, fma, vzeroupper, clflush, clflushopt, hv, rdtscp, f16c
Processor Information for all 8 processors :
  Max Mhz: 2496, Current Mhz: 2496, Mhz Limit: 2496

Memory: 4k page, system-wide physical 16215M (1718M free)
TotalPageFile size 16215M (AvailPageFile size 197M)
current process WorkingSet (physical memory assigned to process): 524M, peak: 524M
current process commit charge ("private bytes"): 565M, peak: 929M

vm_info: OpenJDK 64-Bit Server VM (21.0.1+12-29) for windows-amd64 JRE (21.0.1+12-29), built on 2023-10-05T13:27:09Z by "mach5one" with MS VC++ 17.1 (VS2022)

END.
